2023-12-19 20:12:03 INFO  HomePage :29 - Clicking on buy and sell option : [[ChromeDriver: chrome on windows (5e331c29dd75c7ce77d801cf1df52d69)] -> xpath: //li[@class='uhf-menu-item uhf-dropdown-menu-toggle uhf-menu-buysell']]
2023-12-19 20:12:364 INFO  HomePage :34 - Clicking on search cars option : [[ChromeDriver: chrome on windows (5e331c29dd75c7ce77d801cf1df52d69)] -> xpath: //a[normalize-space()='Search Cars']]
2023-12-19 20:12:725 INFO  NewAndUsedCarsSearchPage :36 - Selecting maker from dropdown : [[ChromeDriver: chrome on windows (5e331c29dd75c7ce77d801cf1df52d69)] -> id: makes]
2023-12-19 20:12:30 INFO  NewAndUsedCarsSearchPage :42 - Selecting model from dropdown : [[ChromeDriver: chrome on windows (5e331c29dd75c7ce77d801cf1df52d69)] -> id: models]
2023-12-19 20:12:335 INFO  HomePage :29 - Clicking on buy and sell option : [[ChromeDriver: chrome on windows (c6023581bcd6ea6cb590896ad9816ffc)] -> xpath: //li[@class='uhf-menu-item uhf-dropdown-menu-toggle uhf-menu-buysell']]
2023-12-19 20:12:562 INFO  HomePage :34 - Clicking on search cars option : [[ChromeDriver: chrome on windows (c6023581bcd6ea6cb590896ad9816ffc)] -> xpath: //a[normalize-space()='Search Cars']]
2023-12-19 20:12:831 INFO  NewAndUsedCarsSearchPage :36 - Selecting maker from dropdown : [[ChromeDriver: chrome on windows (c6023581bcd6ea6cb590896ad9816ffc)] -> id: makes]
2023-12-19 20:12:95 INFO  NewAndUsedCarsSearchPage :42 - Selecting model from dropdown : [[ChromeDriver: chrome on windows (c6023581bcd6ea6cb590896ad9816ffc)] -> id: models]
2023-12-19 20:12:840 INFO  HomePage :29 - Clicking on buy and sell option : [[ChromeDriver: chrome on windows (84412db3e8a2a17c16ce431eb9cf9295)] -> xpath: //li[@class='uhf-menu-item uhf-dropdown-menu-toggle uhf-menu-buysell']]
2023-12-19 20:12:87 INFO  HomePage :34 - Clicking on search cars option : [[ChromeDriver: chrome on windows (84412db3e8a2a17c16ce431eb9cf9295)] -> xpath: //a[normalize-space()='Search Cars']]
2023-12-19 20:12:353 INFO  NewAndUsedCarsSearchPage :36 - Selecting maker from dropdown : [[ChromeDriver: chrome on windows (84412db3e8a2a17c16ce431eb9cf9295)] -> id: makes]
2023-12-19 20:12:837 INFO  NewAndUsedCarsSearchPage :42 - Selecting model from dropdown : [[ChromeDriver: chrome on windows (84412db3e8a2a17c16ce431eb9cf9295)] -> id: models]
2023-12-19 20:12:64 INFO  HomePage :29 - Clicking on buy and sell option : [[ChromeDriver: chrome on windows (7f9aecdc4c129c251063e59deb7beb2a)] -> xpath: //li[@class='uhf-menu-item uhf-dropdown-menu-toggle uhf-menu-buysell']]
2023-12-19 20:12:20 INFO  HomePage :34 - Clicking on search cars option : [[ChromeDriver: chrome on windows (7f9aecdc4c129c251063e59deb7beb2a)] -> xpath: //a[normalize-space()='Search Cars']]
2023-12-19 20:12:392 INFO  NewAndUsedCarsSearchPage :36 - Selecting maker from dropdown : [[ChromeDriver: chrome on windows (7f9aecdc4c129c251063e59deb7beb2a)] -> id: makes]
2023-12-19 20:12:657 INFO  NewAndUsedCarsSearchPage :42 - Selecting model from dropdown : [[ChromeDriver: chrome on windows (7f9aecdc4c129c251063e59deb7beb2a)] -> id: models]
2023-12-19 20:12:888 INFO  NewAndUsedCarsSearchPage :48 - Selecting location from dropdown : [[ChromeDriver: chrome on windows (7f9aecdc4c129c251063e59deb7beb2a)] -> id: locations]
2023-12-19 20:12:127 INFO  NewAndUsedCarsSearchPage :54 - Selecting price from dropdown : [[ChromeDriver: chrome on windows (7f9aecdc4c129c251063e59deb7beb2a)] -> id: priceTo]
2023-12-19 20:12:06 INFO  NewAndUsedCarsSearchPage :60 - Clicking on my next car button : [[ChromeDriver: chrome on windows (7f9aecdc4c129c251063e59deb7beb2a)] -> id: search-submit]
2023-12-19 20:12:213 INFO  ResultPage :21 - Get Title with car name : [[ChromeDriver: chrome on windows (7f9aecdc4c129c251063e59deb7beb2a)] -> css selector: .h1Text.search--title]
2023-12-19 20:12:888 INFO  HomePage :29 - Clicking on buy and sell option : [[ChromeDriver: chrome on windows (e1be7e7421948270fdb3bd136b0b9cbf)] -> xpath: //li[@class='uhf-menu-item uhf-dropdown-menu-toggle uhf-menu-buysell']]
2023-12-19 20:12:625 INFO  HomePage :34 - Clicking on search cars option : [[ChromeDriver: chrome on windows (e1be7e7421948270fdb3bd136b0b9cbf)] -> xpath: //a[normalize-space()='Search Cars']]
2023-12-19 20:12:106 INFO  NewAndUsedCarsSearchPage :36 - Selecting maker from dropdown : [[ChromeDriver: chrome on windows (e1be7e7421948270fdb3bd136b0b9cbf)] -> id: makes]
2023-12-19 20:12:343 INFO  NewAndUsedCarsSearchPage :42 - Selecting model from dropdown : [[ChromeDriver: chrome on windows (e1be7e7421948270fdb3bd136b0b9cbf)] -> id: models]
2023-12-19 20:12:573 INFO  NewAndUsedCarsSearchPage :48 - Selecting location from dropdown : [[ChromeDriver: chrome on windows (e1be7e7421948270fdb3bd136b0b9cbf)] -> id: locations]
2023-12-19 20:12:788 INFO  NewAndUsedCarsSearchPage :54 - Selecting price from dropdown : [[ChromeDriver: chrome on windows (e1be7e7421948270fdb3bd136b0b9cbf)] -> id: priceTo]
2023-12-19 20:12:443 INFO  NewAndUsedCarsSearchPage :60 - Clicking on my next car button : [[ChromeDriver: chrome on windows (e1be7e7421948270fdb3bd136b0b9cbf)] -> id: search-submit]
2023-12-19 20:12:552 INFO  HomePage :29 - Clicking on buy and sell option : [[ChromeDriver: chrome on windows (c5dae7ce845e91420ce53797eab0ec14)] -> xpath: //li[@class='uhf-menu-item uhf-dropdown-menu-toggle uhf-menu-buysell']]
2023-12-19 20:12:456 INFO  HomePage :34 - Clicking on search cars option : [[ChromeDriver: chrome on windows (c5dae7ce845e91420ce53797eab0ec14)] -> xpath: //a[normalize-space()='Search Cars']]
2023-12-19 20:12:997 INFO  NewAndUsedCarsSearchPage :36 - Selecting maker from dropdown : [[ChromeDriver: chrome on windows (c5dae7ce845e91420ce53797eab0ec14)] -> id: makes]
2023-12-19 20:12:251 INFO  NewAndUsedCarsSearchPage :42 - Selecting model from dropdown : [[ChromeDriver: chrome on windows (c5dae7ce845e91420ce53797eab0ec14)] -> id: models]
2023-12-19 20:12:527 INFO  NewAndUsedCarsSearchPage :48 - Selecting location from dropdown : [[ChromeDriver: chrome on windows (c5dae7ce845e91420ce53797eab0ec14)] -> id: locations]
2023-12-19 21:12:693 INFO  HomePage :29 - Clicking on buy and sell option : [[ChromeDriver: chrome on windows (118573cf17722c3ec684f08b815b4949)] -> xpath: //li[@class='uhf-menu-item uhf-dropdown-menu-toggle uhf-menu-buysell']]
2023-12-19 21:12:112 INFO  HomePage :34 - Clicking on search cars option : [[ChromeDriver: chrome on windows (118573cf17722c3ec684f08b815b4949)] -> xpath: //a[normalize-space()='Search Cars']]
2023-12-19 21:12:787 INFO  NewAndUsedCarsSearchPage :36 - Selecting maker from dropdown : [[ChromeDriver: chrome on windows (118573cf17722c3ec684f08b815b4949)] -> id: makes]
2023-12-19 21:12:81 INFO  NewAndUsedCarsSearchPage :42 - Selecting model from dropdown : [[ChromeDriver: chrome on windows (118573cf17722c3ec684f08b815b4949)] -> id: models]
2023-12-19 21:12:341 INFO  NewAndUsedCarsSearchPage :48 - Selecting location from dropdown : [[ChromeDriver: chrome on windows (118573cf17722c3ec684f08b815b4949)] -> id: locations]
2023-12-19 21:12:586 INFO  NewAndUsedCarsSearchPage :54 - Selecting price from dropdown : [[ChromeDriver: chrome on windows (118573cf17722c3ec684f08b815b4949)] -> id: priceTo]
2023-12-19 21:12:352 INFO  NewAndUsedCarsSearchPage :60 - Clicking on my next car button : [[ChromeDriver: chrome on windows (118573cf17722c3ec684f08b815b4949)] -> id: search-submit]
2023-12-19 21:12:534 INFO  ResultPage :20 - Get Title with car name : [[ChromeDriver: chrome on windows (118573cf17722c3ec684f08b815b4949)] -> xpath: //div[@class = 'resultsGrid']]
2023-12-19 21:12:926 INFO  HomePage :29 - Clicking on buy and sell option : [[ChromeDriver: chrome on windows (4a46147bc317dbdf2912243d95545758)] -> xpath: //li[@class='uhf-menu-item uhf-dropdown-menu-toggle uhf-menu-buysell']]
2023-12-19 21:12:716 INFO  HomePage :34 - Clicking on search cars option : [[ChromeDriver: chrome on windows (4a46147bc317dbdf2912243d95545758)] -> xpath: //a[normalize-space()='Search Cars']]
2023-12-19 21:12:213 INFO  NewAndUsedCarsSearchPage :36 - Selecting maker from dropdown : [[ChromeDriver: chrome on windows (4a46147bc317dbdf2912243d95545758)] -> id: makes]
2023-12-19 21:12:439 INFO  NewAndUsedCarsSearchPage :42 - Selecting model from dropdown : [[ChromeDriver: chrome on windows (4a46147bc317dbdf2912243d95545758)] -> id: models]
2023-12-19 21:12:677 INFO  NewAndUsedCarsSearchPage :48 - Selecting location from dropdown : [[ChromeDriver: chrome on windows (4a46147bc317dbdf2912243d95545758)] -> id: locations]
2023-12-19 21:12:876 INFO  NewAndUsedCarsSearchPage :54 - Selecting price from dropdown : [[ChromeDriver: chrome on windows (4a46147bc317dbdf2912243d95545758)] -> id: priceTo]
2023-12-19 21:12:937 INFO  NewAndUsedCarsSearchPage :60 - Clicking on my next car button : [[ChromeDriver: chrome on windows (4a46147bc317dbdf2912243d95545758)] -> id: search-submit]
2023-12-19 21:12:964 INFO  HomePage :29 - Clicking on buy and sell option : [[ChromeDriver: chrome on windows (f8b460a46aa1e8644dee8d08d9c34886)] -> xpath: //li[@class='uhf-menu-item uhf-dropdown-menu-toggle uhf-menu-buysell']]
2023-12-19 21:12:135 INFO  HomePage :34 - Clicking on search cars option : [[ChromeDriver: chrome on windows (f8b460a46aa1e8644dee8d08d9c34886)] -> xpath: //a[normalize-space()='Search Cars']]
2023-12-19 21:12:727 INFO  NewAndUsedCarsSearchPage :36 - Selecting maker from dropdown : [[ChromeDriver: chrome on windows (f8b460a46aa1e8644dee8d08d9c34886)] -> id: makes]
2023-12-19 21:12:05 INFO  NewAndUsedCarsSearchPage :42 - Selecting model from dropdown : [[ChromeDriver: chrome on windows (f8b460a46aa1e8644dee8d08d9c34886)] -> id: models]
2023-12-19 21:12:304 INFO  NewAndUsedCarsSearchPage :48 - Selecting location from dropdown : [[ChromeDriver: chrome on windows (f8b460a46aa1e8644dee8d08d9c34886)] -> id: locations]
2023-12-19 21:12:829 INFO  HomePage :29 - Clicking on buy and sell option : [[ChromeDriver: chrome on windows (ea62103b51c4f5358e8c213bd55b9ff5)] -> xpath: //li[@class='uhf-menu-item uhf-dropdown-menu-toggle uhf-menu-buysell']]
2023-12-19 21:12:801 INFO  HomePage :34 - Clicking on search cars option : [[ChromeDriver: chrome on windows (ea62103b51c4f5358e8c213bd55b9ff5)] -> xpath: //a[normalize-space()='Search Cars']]
2023-12-19 21:12:85 INFO  HomePage :29 - Clicking on buy and sell option : [[ChromeDriver: chrome on windows (1aa82a9c3c075d97102f19336af8d858)] -> xpath: //li[@class='uhf-menu-item uhf-dropdown-menu-toggle uhf-menu-buysell']]
2023-12-19 21:12:587 INFO  HomePage :34 - Clicking on search cars option : [[ChromeDriver: chrome on windows (1aa82a9c3c075d97102f19336af8d858)] -> xpath: //a[normalize-space()='Search Cars']]
2023-12-19 21:12:377 INFO  NewAndUsedCarsSearchPage :36 - Selecting maker from dropdown : [[ChromeDriver: chrome on windows (1aa82a9c3c075d97102f19336af8d858)] -> id: makes]
2023-12-19 21:12:841 INFO  NewAndUsedCarsSearchPage :42 - Selecting model from dropdown : [[ChromeDriver: chrome on windows (1aa82a9c3c075d97102f19336af8d858)] -> id: models]
2023-12-19 21:12:140 INFO  NewAndUsedCarsSearchPage :48 - Selecting location from dropdown : [[ChromeDriver: chrome on windows (1aa82a9c3c075d97102f19336af8d858)] -> id: locations]
2023-12-19 21:12:424 INFO  NewAndUsedCarsSearchPage :54 - Selecting price from dropdown : [[ChromeDriver: chrome on windows (1aa82a9c3c075d97102f19336af8d858)] -> id: priceTo]
2023-12-19 21:12:211 INFO  NewAndUsedCarsSearchPage :60 - Clicking on my next car button : [[ChromeDriver: chrome on windows (1aa82a9c3c075d97102f19336af8d858)] -> id: search-submit]
2023-12-19 21:12:404 INFO  ResultPage :20 - Get Title with car name : [[ChromeDriver: chrome on windows (1aa82a9c3c075d97102f19336af8d858)] -> xpath: //div[@class = 'resultsGrid']]
2023-12-19 21:12:502 INFO  HomePage :29 - Clicking on buy and sell option : [[ChromeDriver: chrome on windows (c8bea1a6e55e4b4de9408de55e1c1e02)] -> xpath: //li[@class='uhf-menu-item uhf-dropdown-menu-toggle uhf-menu-buysell']]
2023-12-19 21:12:192 INFO  HomePage :34 - Clicking on search cars option : [[ChromeDriver: chrome on windows (c8bea1a6e55e4b4de9408de55e1c1e02)] -> xpath: //a[normalize-space()='Search Cars']]
2023-12-19 21:12:646 INFO  NewAndUsedCarsSearchPage :36 - Selecting maker from dropdown : [[ChromeDriver: chrome on windows (c8bea1a6e55e4b4de9408de55e1c1e02)] -> id: makes]
2023-12-19 21:12:981 INFO  NewAndUsedCarsSearchPage :42 - Selecting model from dropdown : [[ChromeDriver: chrome on windows (c8bea1a6e55e4b4de9408de55e1c1e02)] -> id: models]
2023-12-19 21:12:228 INFO  HomePage :29 - Clicking on buy and sell option : [[ChromeDriver: chrome on windows (db5923912db092dd50c7aaa74fbdbcd1)] -> xpath: //li[@class='uhf-menu-item uhf-dropdown-menu-toggle uhf-menu-buysell']]
2023-12-19 21:12:502 INFO  HomePage :29 - Clicking on buy and sell option : [[ChromeDriver: chrome on windows (43e88c3b85367952c717608a45e8da2a)] -> xpath: //li[@class='uhf-menu-item uhf-dropdown-menu-toggle uhf-menu-buysell']]
2023-12-19 21:12:684 INFO  HomePage :29 - Clicking on buy and sell option : [[ChromeDriver: chrome on windows (955b0a8d99708874c2079ec45980787c)] -> xpath: //li[@class='uhf-menu-item uhf-dropdown-menu-toggle uhf-menu-buysell']]
2023-12-19 21:12:260 INFO  HomePage :34 - Clicking on search cars option : [[ChromeDriver: chrome on windows (955b0a8d99708874c2079ec45980787c)] -> xpath: //a[normalize-space()='Search Cars']]
2023-12-19 21:12:882 INFO  NewAndUsedCarsSearchPage :36 - Selecting maker from dropdown : [[ChromeDriver: chrome on windows (955b0a8d99708874c2079ec45980787c)] -> id: makes]
2023-12-19 21:12:134 INFO  NewAndUsedCarsSearchPage :42 - Selecting model from dropdown : [[ChromeDriver: chrome on windows (955b0a8d99708874c2079ec45980787c)] -> id: models]
2023-12-19 21:12:433 INFO  NewAndUsedCarsSearchPage :48 - Selecting location from dropdown : [[ChromeDriver: chrome on windows (955b0a8d99708874c2079ec45980787c)] -> id: locations]
2023-12-19 21:12:739 INFO  NewAndUsedCarsSearchPage :54 - Selecting price from dropdown : [[ChromeDriver: chrome on windows (955b0a8d99708874c2079ec45980787c)] -> id: priceTo]
2023-12-19 21:12:893 INFO  NewAndUsedCarsSearchPage :60 - Clicking on my next car button : [[ChromeDriver: chrome on windows (955b0a8d99708874c2079ec45980787c)] -> id: search-submit]
2023-12-19 21:12:116 INFO  ResultPage :20 - Get Title with car name : [[ChromeDriver: chrome on windows (955b0a8d99708874c2079ec45980787c)] -> xpath: //div[@class = 'resultsGrid']]
2023-12-19 21:12:324 INFO  HomePage :29 - Clicking on buy and sell option : [[ChromeDriver: chrome on windows (8b2810b5b2bd5531d7442e0fb8edcc85)] -> xpath: //li[@class='uhf-menu-item uhf-dropdown-menu-toggle uhf-menu-buysell']]
2023-12-19 21:12:827 INFO  HomePage :34 - Clicking on search cars option : [[ChromeDriver: chrome on windows (8b2810b5b2bd5531d7442e0fb8edcc85)] -> xpath: //a[normalize-space()='Search Cars']]
2023-12-19 21:12:215 INFO  NewAndUsedCarsSearchPage :36 - Selecting maker from dropdown : [[ChromeDriver: chrome on windows (8b2810b5b2bd5531d7442e0fb8edcc85)] -> id: makes]
2023-12-19 21:12:446 INFO  NewAndUsedCarsSearchPage :42 - Selecting model from dropdown : [[ChromeDriver: chrome on windows (8b2810b5b2bd5531d7442e0fb8edcc85)] -> id: models]
2023-12-19 21:12:664 INFO  NewAndUsedCarsSearchPage :48 - Selecting location from dropdown : [[ChromeDriver: chrome on windows (8b2810b5b2bd5531d7442e0fb8edcc85)] -> id: locations]
2023-12-19 21:12:981 INFO  NewAndUsedCarsSearchPage :54 - Selecting price from dropdown : [[ChromeDriver: chrome on windows (8b2810b5b2bd5531d7442e0fb8edcc85)] -> id: priceTo]
2023-12-19 21:12:348 INFO  NewAndUsedCarsSearchPage :60 - Clicking on my next car button : [[ChromeDriver: chrome on windows (8b2810b5b2bd5531d7442e0fb8edcc85)] -> id: search-submit]
2023-12-19 21:12:767 INFO  HomePage :29 - Clicking on buy and sell option : [[ChromeDriver: chrome on windows (392fa5edfd4bf362e0c84c263c10680b)] -> xpath: //li[@class='uhf-menu-item uhf-dropdown-menu-toggle uhf-menu-buysell']]
2023-12-19 21:12:592 INFO  HomePage :34 - Clicking on search cars option : [[ChromeDriver: chrome on windows (392fa5edfd4bf362e0c84c263c10680b)] -> xpath: //a[normalize-space()='Search Cars']]
2023-12-19 21:12:206 INFO  NewAndUsedCarsSearchPage :36 - Selecting maker from dropdown : [[ChromeDriver: chrome on windows (392fa5edfd4bf362e0c84c263c10680b)] -> id: makes]
2023-12-19 21:12:493 INFO  NewAndUsedCarsSearchPage :42 - Selecting model from dropdown : [[ChromeDriver: chrome on windows (392fa5edfd4bf362e0c84c263c10680b)] -> id: models]
2023-12-19 21:12:730 INFO  NewAndUsedCarsSearchPage :48 - Selecting location from dropdown : [[ChromeDriver: chrome on windows (392fa5edfd4bf362e0c84c263c10680b)] -> id: locations]
2023-12-19 21:12:272 INFO  HomePage :29 - Clicking on buy and sell option : [[ChromeDriver: chrome on windows (6736fae80a4a13e8308b92fb8c1e137b)] -> xpath: //li[@class='uhf-menu-item uhf-dropdown-menu-toggle uhf-menu-buysell']]
2023-12-19 21:12:266 INFO  HomePage :34 - Clicking on search cars option : [[ChromeDriver: chrome on windows (6736fae80a4a13e8308b92fb8c1e137b)] -> xpath: //a[normalize-space()='Search Cars']]
2023-12-19 21:12:611 INFO  HomePage :29 - Clicking on buy and sell option : [[ChromeDriver: chrome on windows (fa0d2908b9d615fc93349c0f731e8fe0)] -> xpath: //li[@class='uhf-menu-item uhf-dropdown-menu-toggle uhf-menu-buysell']]
2023-12-19 21:12:886 INFO  HomePage :34 - Clicking on search cars option : [[ChromeDriver: chrome on windows (fa0d2908b9d615fc93349c0f731e8fe0)] -> xpath: //a[normalize-space()='Search Cars']]
2023-12-19 21:12:326 INFO  NewAndUsedCarsSearchPage :36 - Selecting maker from dropdown : [[ChromeDriver: chrome on windows (fa0d2908b9d615fc93349c0f731e8fe0)] -> id: makes]
2023-12-19 21:12:662 INFO  NewAndUsedCarsSearchPage :42 - Selecting model from dropdown : [[ChromeDriver: chrome on windows (fa0d2908b9d615fc93349c0f731e8fe0)] -> id: models]
2023-12-19 21:12:912 INFO  NewAndUsedCarsSearchPage :48 - Selecting location from dropdown : [[ChromeDriver: chrome on windows (fa0d2908b9d615fc93349c0f731e8fe0)] -> id: locations]
2023-12-19 21:12:194 INFO  NewAndUsedCarsSearchPage :54 - Selecting price from dropdown : [[ChromeDriver: chrome on windows (fa0d2908b9d615fc93349c0f731e8fe0)] -> id: priceTo]
2023-12-19 21:12:732 INFO  NewAndUsedCarsSearchPage :60 - Clicking on my next car button : [[ChromeDriver: chrome on windows (fa0d2908b9d615fc93349c0f731e8fe0)] -> id: search-submit]
2023-12-19 21:12:881 INFO  ResultPage :20 - Get Title with car name : [[ChromeDriver: chrome on windows (fa0d2908b9d615fc93349c0f731e8fe0)] -> xpath: //div[@class = 'resultsGrid']]
2023-12-19 21:12:857 INFO  HomePage :29 - Clicking on buy and sell option : [[ChromeDriver: chrome on windows (c636aa312b439fe094872b487e701830)] -> xpath: //li[@class='uhf-menu-item uhf-dropdown-menu-toggle uhf-menu-buysell']]
2023-12-19 21:12:740 INFO  HomePage :34 - Clicking on search cars option : [[ChromeDriver: chrome on windows (c636aa312b439fe094872b487e701830)] -> xpath: //a[normalize-space()='Search Cars']]
2023-12-19 21:12:143 INFO  NewAndUsedCarsSearchPage :36 - Selecting maker from dropdown : [[ChromeDriver: chrome on windows (c636aa312b439fe094872b487e701830)] -> id: makes]
2023-12-19 21:12:364 INFO  NewAndUsedCarsSearchPage :42 - Selecting model from dropdown : [[ChromeDriver: chrome on windows (c636aa312b439fe094872b487e701830)] -> id: models]
2023-12-19 21:12:898 INFO  HomePage :29 - Clicking on buy and sell option : [[ChromeDriver: chrome on windows (fb060d12266eb914f26a1d731edb7776)] -> xpath: //li[@class='uhf-menu-item uhf-dropdown-menu-toggle uhf-menu-buysell']]
2023-12-19 21:12:678 INFO  HomePage :29 - Clicking on buy and sell option : [[ChromeDriver: chrome on windows (b4ee78e21f51d44e7e5b6c1fd68bdc0a)] -> xpath: //li[@class='uhf-menu-item uhf-dropdown-menu-toggle uhf-menu-buysell']]
2023-12-19 21:12:568 INFO  HomePage :29 - Clicking on buy and sell option : [[ChromeDriver: chrome on windows (e6f0d39f97ade2c89e0934a4d35c2e81)] -> xpath: //li[@class='uhf-menu-item uhf-dropdown-menu-toggle uhf-menu-buysell']]
2023-12-19 21:12:200 INFO  HomePage :34 - Clicking on search cars option : [[ChromeDriver: chrome on windows (e6f0d39f97ade2c89e0934a4d35c2e81)] -> xpath: //a[normalize-space()='Search Cars']]
2023-12-19 21:12:987 INFO  NewAndUsedCarsSearchPage :36 - Selecting maker from dropdown : [[ChromeDriver: chrome on windows (e6f0d39f97ade2c89e0934a4d35c2e81)] -> id: makes]
2023-12-19 21:12:409 INFO  NewAndUsedCarsSearchPage :42 - Selecting model from dropdown : [[ChromeDriver: chrome on windows (e6f0d39f97ade2c89e0934a4d35c2e81)] -> id: models]
2023-12-19 21:12:746 INFO  NewAndUsedCarsSearchPage :48 - Selecting location from dropdown : [[ChromeDriver: chrome on windows (e6f0d39f97ade2c89e0934a4d35c2e81)] -> id: locations]
2023-12-19 21:12:34 INFO  NewAndUsedCarsSearchPage :54 - Selecting price from dropdown : [[ChromeDriver: chrome on windows (e6f0d39f97ade2c89e0934a4d35c2e81)] -> id: priceTo]
2023-12-19 21:12:353 INFO  NewAndUsedCarsSearchPage :60 - Clicking on my next car button : [[ChromeDriver: chrome on windows (e6f0d39f97ade2c89e0934a4d35c2e81)] -> id: search-submit]
2023-12-19 21:12:666 INFO  ResultPage :20 - Get Title with car name : [[ChromeDriver: chrome on windows (e6f0d39f97ade2c89e0934a4d35c2e81)] -> xpath: //div[@class = 'resultsGrid']]
2023-12-19 21:12:450 INFO  HomePage :29 - Clicking on buy and sell option : [[ChromeDriver: chrome on windows (eb925aa091912563b115d658c44a8c81)] -> xpath: //li[@class='uhf-menu-item uhf-dropdown-menu-toggle uhf-menu-buysell']]
2023-12-19 21:12:791 INFO  HomePage :34 - Clicking on search cars option : [[ChromeDriver: chrome on windows (eb925aa091912563b115d658c44a8c81)] -> xpath: //a[normalize-space()='Search Cars']]
2023-12-19 21:12:432 INFO  NewAndUsedCarsSearchPage :36 - Selecting maker from dropdown : [[ChromeDriver: chrome on windows (eb925aa091912563b115d658c44a8c81)] -> id: makes]
2023-12-19 21:12:786 INFO  NewAndUsedCarsSearchPage :42 - Selecting model from dropdown : [[ChromeDriver: chrome on windows (eb925aa091912563b115d658c44a8c81)] -> id: models]
2023-12-19 21:12:76 INFO  NewAndUsedCarsSearchPage :48 - Selecting location from dropdown : [[ChromeDriver: chrome on windows (eb925aa091912563b115d658c44a8c81)] -> id: locations]
2023-12-19 21:12:402 INFO  NewAndUsedCarsSearchPage :54 - Selecting price from dropdown : [[ChromeDriver: chrome on windows (eb925aa091912563b115d658c44a8c81)] -> id: priceTo]
2023-12-19 21:12:193 INFO  NewAndUsedCarsSearchPage :60 - Clicking on my next car button : [[ChromeDriver: chrome on windows (eb925aa091912563b115d658c44a8c81)] -> id: search-submit]
2023-12-19 21:12:478 INFO  ResultPage :20 - Get Title with car name : [[ChromeDriver: chrome on windows (eb925aa091912563b115d658c44a8c81)] -> xpath: //div[@class = 'resultsGrid']]
2023-12-19 21:12:677 INFO  HomePage :29 - Clicking on buy and sell option : [[ChromeDriver: chrome on windows (1911a700994788cc67c5a2124ba9eab5)] -> xpath: //li[@class='uhf-menu-item uhf-dropdown-menu-toggle uhf-menu-buysell']]
2023-12-19 21:12:512 INFO  HomePage :34 - Clicking on search cars option : [[ChromeDriver: chrome on windows (1911a700994788cc67c5a2124ba9eab5)] -> xpath: //a[normalize-space()='Search Cars']]
2023-12-19 21:12:66 INFO  NewAndUsedCarsSearchPage :36 - Selecting maker from dropdown : [[ChromeDriver: chrome on windows (1911a700994788cc67c5a2124ba9eab5)] -> id: makes]
2023-12-19 21:12:404 INFO  NewAndUsedCarsSearchPage :42 - Selecting model from dropdown : [[ChromeDriver: chrome on windows (1911a700994788cc67c5a2124ba9eab5)] -> id: models]
2023-12-19 21:12:735 INFO  NewAndUsedCarsSearchPage :48 - Selecting location from dropdown : [[ChromeDriver: chrome on windows (1911a700994788cc67c5a2124ba9eab5)] -> id: locations]
2023-12-19 21:12:448 INFO  HomePage :29 - Clicking on buy and sell option : [[ChromeDriver: chrome on windows (47cd1dd49bd8b1e882fb70053ef7cd9f)] -> xpath: //li[@class='uhf-menu-item uhf-dropdown-menu-toggle uhf-menu-buysell']]
2023-12-19 21:12:188 INFO  HomePage :34 - Clicking on search cars option : [[ChromeDriver: chrome on windows (47cd1dd49bd8b1e882fb70053ef7cd9f)] -> xpath: //a[normalize-space()='Search Cars']]
2023-12-19 21:12:379 INFO  HomePage :29 - Clicking on buy and sell option : [[ChromeDriver: chrome on windows (31e007431d8c7b7fa013bde95078fe47)] -> xpath: //li[@class='uhf-menu-item uhf-dropdown-menu-toggle uhf-menu-buysell']]
2023-12-19 21:12:609 INFO  HomePage :29 - Clicking on buy and sell option : [[ChromeDriver: chrome on windows (31e007431d8c7b7fa013bde95078fe47)] -> xpath: //li[@class='uhf-menu-item uhf-dropdown-menu-toggle uhf-menu-buysell']]
2023-12-19 21:12:956 INFO  NewAndUsedCarsSearchPage :36 - Selecting maker from dropdown : [[ChromeDriver: chrome on windows (31e007431d8c7b7fa013bde95078fe47)] -> id: makes]
2023-12-19 21:12:266 INFO  NewAndUsedCarsSearchPage :42 - Selecting model from dropdown : [[ChromeDriver: chrome on windows (31e007431d8c7b7fa013bde95078fe47)] -> id: models]
2023-12-19 21:12:590 INFO  HomePage :29 - Clicking on buy and sell option : [[ChromeDriver: chrome on windows (e60020f62d735e74772ea4ff9d3fc51a)] -> xpath: //li[@class='uhf-menu-item uhf-dropdown-menu-toggle uhf-menu-buysell']]
2023-12-19 21:12:928 INFO  HomePage :29 - Clicking on buy and sell option : [[ChromeDriver: chrome on windows (e60020f62d735e74772ea4ff9d3fc51a)] -> xpath: //li[@class='uhf-menu-item uhf-dropdown-menu-toggle uhf-menu-buysell']]
2023-12-19 21:12:195 INFO  NewAndUsedCarsSearchPage :36 - Selecting maker from dropdown : [[ChromeDriver: chrome on windows (e60020f62d735e74772ea4ff9d3fc51a)] -> id: makes]
2023-12-19 21:12:550 INFO  NewAndUsedCarsSearchPage :42 - Selecting model from dropdown : [[ChromeDriver: chrome on windows (e60020f62d735e74772ea4ff9d3fc51a)] -> id: models]
2023-12-19 21:12:62 INFO  HomePage :29 - Clicking on buy and sell option : [[ChromeDriver: chrome on windows (4207612fc3a62b93c3615b27d7febcac)] -> xpath: //li[@class='uhf-menu-item uhf-dropdown-menu-toggle uhf-menu-buysell']]
2023-12-19 21:12:32 INFO  HomePage :29 - Clicking on buy and sell option : [[ChromeDriver: chrome on windows (4207612fc3a62b93c3615b27d7febcac)] -> xpath: //li[@class='uhf-menu-item uhf-dropdown-menu-toggle uhf-menu-buysell']]
2023-12-19 21:12:509 INFO  NewAndUsedCarsSearchPage :36 - Selecting maker from dropdown : [[ChromeDriver: chrome on windows (4207612fc3a62b93c3615b27d7febcac)] -> id: makes]
2023-12-19 21:12:850 INFO  NewAndUsedCarsSearchPage :42 - Selecting model from dropdown : [[ChromeDriver: chrome on windows (4207612fc3a62b93c3615b27d7febcac)] -> id: models]
2023-12-19 21:12:190 INFO  HomePage :29 - Clicking on buy and sell option : [[ChromeDriver: chrome on windows (30e24226b94571573223d5c8d4c620dc)] -> xpath: //li[@class='uhf-menu-item uhf-dropdown-menu-toggle uhf-menu-buysell']]
2023-12-19 21:12:580 INFO  HomePage :29 - Clicking on buy and sell option : [[ChromeDriver: chrome on windows (30e24226b94571573223d5c8d4c620dc)] -> xpath: //li[@class='uhf-menu-item uhf-dropdown-menu-toggle uhf-menu-buysell']]
2023-12-19 21:12:870 INFO  NewAndUsedCarsSearchPage :36 - Selecting maker from dropdown : [[ChromeDriver: chrome on windows (30e24226b94571573223d5c8d4c620dc)] -> id: makes]
2023-12-19 21:12:195 INFO  NewAndUsedCarsSearchPage :42 - Selecting model from dropdown : [[ChromeDriver: chrome on windows (30e24226b94571573223d5c8d4c620dc)] -> id: models]
2023-12-19 21:12:197 INFO  HomePage :29 - Clicking on buy and sell option : [[ChromeDriver: chrome on windows (3987f6be27cb1b6846916c9852e4864b)] -> xpath: //li[@class='uhf-menu-item uhf-dropdown-menu-toggle uhf-menu-buysell']]
2023-12-19 21:12:562 INFO  HomePage :29 - Clicking on buy and sell option : [[ChromeDriver: chrome on windows (3987f6be27cb1b6846916c9852e4864b)] -> xpath: //li[@class='uhf-menu-item uhf-dropdown-menu-toggle uhf-menu-buysell']]
2023-12-19 21:12:926 INFO  NewAndUsedCarsSearchPage :36 - Selecting maker from dropdown : [[ChromeDriver: chrome on windows (3987f6be27cb1b6846916c9852e4864b)] -> id: makes]
2023-12-19 21:12:236 INFO  NewAndUsedCarsSearchPage :42 - Selecting model from dropdown : [[ChromeDriver: chrome on windows (3987f6be27cb1b6846916c9852e4864b)] -> id: models]
2023-12-19 21:12:777 INFO  HomePage :29 - Clicking on buy and sell option : [[ChromeDriver: chrome on windows (cea9064d549577e4623f9281a2a5ef1a)] -> xpath: //li[@class='uhf-menu-item uhf-dropdown-menu-toggle uhf-menu-buysell']]
2023-12-19 21:12:62 INFO  HomePage :29 - Clicking on buy and sell option : [[ChromeDriver: chrome on windows (cea9064d549577e4623f9281a2a5ef1a)] -> xpath: //li[@class='uhf-menu-item uhf-dropdown-menu-toggle uhf-menu-buysell']]
2023-12-19 21:12:399 INFO  NewAndUsedCarsSearchPage :36 - Selecting maker from dropdown : [[ChromeDriver: chrome on windows (cea9064d549577e4623f9281a2a5ef1a)] -> id: makes]
2023-12-19 21:12:762 INFO  NewAndUsedCarsSearchPage :42 - Selecting model from dropdown : [[ChromeDriver: chrome on windows (cea9064d549577e4623f9281a2a5ef1a)] -> id: models]
2023-12-19 21:12:884 INFO  HomePage :29 - Clicking on buy and sell option : [[ChromeDriver: chrome on windows (2fbc95b6f64b3cac7ced1874eeb3cbc6)] -> xpath: //li[@class='uhf-menu-item uhf-dropdown-menu-toggle uhf-menu-buysell']]
2023-12-19 21:12:122 INFO  HomePage :29 - Clicking on buy and sell option : [[ChromeDriver: chrome on windows (2fbc95b6f64b3cac7ced1874eeb3cbc6)] -> xpath: //li[@class='uhf-menu-item uhf-dropdown-menu-toggle uhf-menu-buysell']]
2023-12-19 21:12:392 INFO  NewAndUsedCarsSearchPage :36 - Selecting maker from dropdown : [[ChromeDriver: chrome on windows (2fbc95b6f64b3cac7ced1874eeb3cbc6)] -> id: makes]
2023-12-19 21:12:721 INFO  NewAndUsedCarsSearchPage :42 - Selecting model from dropdown : [[ChromeDriver: chrome on windows (2fbc95b6f64b3cac7ced1874eeb3cbc6)] -> id: models]
2023-12-19 21:12:339 INFO  HomePage :29 - Clicking on buy and sell option : [[ChromeDriver: chrome on windows (99dc8988364a3ce34119fc8d775ae53b)] -> xpath: //li[@class='uhf-menu-item uhf-dropdown-menu-toggle uhf-menu-buysell']]
2023-12-19 21:12:616 INFO  HomePage :29 - Clicking on buy and sell option : [[ChromeDriver: chrome on windows (99dc8988364a3ce34119fc8d775ae53b)] -> xpath: //li[@class='uhf-menu-item uhf-dropdown-menu-toggle uhf-menu-buysell']]
2023-12-19 21:12:863 INFO  NewAndUsedCarsSearchPage :36 - Selecting maker from dropdown : [[ChromeDriver: chrome on windows (99dc8988364a3ce34119fc8d775ae53b)] -> id: makes]
2023-12-19 21:12:250 INFO  NewAndUsedCarsSearchPage :42 - Selecting model from dropdown : [[ChromeDriver: chrome on windows (99dc8988364a3ce34119fc8d775ae53b)] -> id: models]
2023-12-19 21:12:780 INFO  HomePage :29 - Clicking on buy and sell option : [[ChromeDriver: chrome on windows (8779c0cc039fdfa9670a10890f0885ca)] -> xpath: //li[@class='uhf-menu-item uhf-dropdown-menu-toggle uhf-menu-buysell']]
2023-12-19 21:12:754 INFO  HomePage :39 - Clicking on used cars option : [[ChromeDriver: chrome on windows (8779c0cc039fdfa9670a10890f0885ca)] -> xpath: //a[normalize-space()='Used']]
2023-12-19 21:12:210 INFO  NewAndUsedCarsSearchPage :36 - Selecting maker from dropdown : [[ChromeDriver: chrome on windows (8779c0cc039fdfa9670a10890f0885ca)] -> id: makes]
2023-12-19 21:12:541 INFO  NewAndUsedCarsSearchPage :42 - Selecting model from dropdown : [[ChromeDriver: chrome on windows (8779c0cc039fdfa9670a10890f0885ca)] -> id: models]
2023-12-19 21:12:765 INFO  NewAndUsedCarsSearchPage :48 - Selecting location from dropdown : [[ChromeDriver: chrome on windows (8779c0cc039fdfa9670a10890f0885ca)] -> id: locations]
2023-12-19 21:12:11 INFO  NewAndUsedCarsSearchPage :54 - Selecting price from dropdown : [[ChromeDriver: chrome on windows (8779c0cc039fdfa9670a10890f0885ca)] -> id: priceTo]
2023-12-19 21:12:300 INFO  NewAndUsedCarsSearchPage :60 - Clicking on my next car button : [[ChromeDriver: chrome on windows (8779c0cc039fdfa9670a10890f0885ca)] -> id: search-submit]
2023-12-19 21:12:831 INFO  HomePage :29 - Clicking on buy and sell option : [[ChromeDriver: chrome on windows (c7f7c1a870fcd0953c4cab7f415c725e)] -> xpath: //li[@class='uhf-menu-item uhf-dropdown-menu-toggle uhf-menu-buysell']]
2023-12-19 21:12:580 INFO  HomePage :39 - Clicking on used cars option : [[ChromeDriver: chrome on windows (c7f7c1a870fcd0953c4cab7f415c725e)] -> xpath: //a[normalize-space()='Used']]
2023-12-19 21:12:250 INFO  NewAndUsedCarsSearchPage :36 - Selecting maker from dropdown : [[ChromeDriver: chrome on windows (c7f7c1a870fcd0953c4cab7f415c725e)] -> id: makes]
2023-12-19 21:12:482 INFO  NewAndUsedCarsSearchPage :42 - Selecting model from dropdown : [[ChromeDriver: chrome on windows (c7f7c1a870fcd0953c4cab7f415c725e)] -> id: models]
2023-12-19 21:12:701 INFO  NewAndUsedCarsSearchPage :48 - Selecting location from dropdown : [[ChromeDriver: chrome on windows (c7f7c1a870fcd0953c4cab7f415c725e)] -> id: locations]
2023-12-19 21:12:908 INFO  NewAndUsedCarsSearchPage :54 - Selecting price from dropdown : [[ChromeDriver: chrome on windows (c7f7c1a870fcd0953c4cab7f415c725e)] -> id: priceTo]
2023-12-19 21:12:527 INFO  NewAndUsedCarsSearchPage :60 - Clicking on my next car button : [[ChromeDriver: chrome on windows (c7f7c1a870fcd0953c4cab7f415c725e)] -> id: search-submit]
2023-12-19 21:12:202 INFO  HomePage :29 - Clicking on buy and sell option : [[ChromeDriver: chrome on windows (31281cdaa1199e394d005b02cd6cdcd4)] -> xpath: //li[@class='uhf-menu-item uhf-dropdown-menu-toggle uhf-menu-buysell']]
2023-12-19 21:12:447 INFO  HomePage :39 - Clicking on used cars option : [[ChromeDriver: chrome on windows (31281cdaa1199e394d005b02cd6cdcd4)] -> xpath: //a[normalize-space()='Used']]
2023-12-19 21:12:965 INFO  NewAndUsedCarsSearchPage :36 - Selecting maker from dropdown : [[ChromeDriver: chrome on windows (31281cdaa1199e394d005b02cd6cdcd4)] -> id: makes]
2023-12-19 21:12:215 INFO  NewAndUsedCarsSearchPage :42 - Selecting model from dropdown : [[ChromeDriver: chrome on windows (31281cdaa1199e394d005b02cd6cdcd4)] -> id: models]
2023-12-19 21:12:414 INFO  NewAndUsedCarsSearchPage :48 - Selecting location from dropdown : [[ChromeDriver: chrome on windows (31281cdaa1199e394d005b02cd6cdcd4)] -> id: locations]
2023-12-19 21:12:100 INFO  HomePage :29 - Clicking on buy and sell option : [[ChromeDriver: chrome on windows (c3fca323b5f96ea2628695f24488b613)] -> xpath: //li[@class='uhf-menu-item uhf-dropdown-menu-toggle uhf-menu-buysell']]
2023-12-19 21:12:800 INFO  HomePage :39 - Clicking on used cars option : [[ChromeDriver: chrome on windows (c3fca323b5f96ea2628695f24488b613)] -> xpath: //a[normalize-space()='Used']]
2023-12-19 21:12:665 INFO  HomePage :29 - Clicking on buy and sell option : [[ChromeDriver: chrome on windows (4af3b80bc5751ca1707e27f5c7445884)] -> xpath: //li[@class='uhf-menu-item uhf-dropdown-menu-toggle uhf-menu-buysell']]
2023-12-19 21:12:260 INFO  HomePage :39 - Clicking on used cars option : [[ChromeDriver: chrome on windows (4af3b80bc5751ca1707e27f5c7445884)] -> xpath: //a[normalize-space()='Used']]
2023-12-19 21:12:802 INFO  NewAndUsedCarsSearchPage :36 - Selecting maker from dropdown : [[ChromeDriver: chrome on windows (4af3b80bc5751ca1707e27f5c7445884)] -> id: makes]
2023-12-19 21:12:50 INFO  NewAndUsedCarsSearchPage :42 - Selecting model from dropdown : [[ChromeDriver: chrome on windows (4af3b80bc5751ca1707e27f5c7445884)] -> id: models]
2023-12-19 21:12:260 INFO  NewAndUsedCarsSearchPage :48 - Selecting location from dropdown : [[ChromeDriver: chrome on windows (4af3b80bc5751ca1707e27f5c7445884)] -> id: locations]
2023-12-19 21:12:472 INFO  NewAndUsedCarsSearchPage :54 - Selecting price from dropdown : [[ChromeDriver: chrome on windows (4af3b80bc5751ca1707e27f5c7445884)] -> id: priceTo]
2023-12-19 21:12:873 INFO  NewAndUsedCarsSearchPage :60 - Clicking on my next car button : [[ChromeDriver: chrome on windows (4af3b80bc5751ca1707e27f5c7445884)] -> id: search-submit]
2023-12-19 21:12:29 INFO  HomePage :29 - Clicking on buy and sell option : [[ChromeDriver: chrome on windows (2c628f84316984d0d644691469b9b6cd)] -> xpath: //li[@class='uhf-menu-item uhf-dropdown-menu-toggle uhf-menu-buysell']]
2023-12-19 21:12:61 INFO  HomePage :39 - Clicking on used cars option : [[ChromeDriver: chrome on windows (2c628f84316984d0d644691469b9b6cd)] -> xpath: //a[normalize-space()='Used']]
2023-12-19 21:12:411 INFO  NewAndUsedCarsSearchPage :36 - Selecting maker from dropdown : [[ChromeDriver: chrome on windows (2c628f84316984d0d644691469b9b6cd)] -> id: makes]
2023-12-19 21:12:725 INFO  NewAndUsedCarsSearchPage :42 - Selecting model from dropdown : [[ChromeDriver: chrome on windows (2c628f84316984d0d644691469b9b6cd)] -> id: models]
2023-12-19 21:12:749 INFO  HomePage :29 - Clicking on buy and sell option : [[ChromeDriver: chrome on windows (fe0a4e3c79c0465c34ac505c1d2aed3d)] -> xpath: //li[@class='uhf-menu-item uhf-dropdown-menu-toggle uhf-menu-buysell']]
2023-12-19 21:12:40 INFO  HomePage :29 - Clicking on buy and sell option : [[ChromeDriver: chrome on windows (98703b7aec0219643cdec06a0654f468)] -> xpath: //li[@class='uhf-menu-item uhf-dropdown-menu-toggle uhf-menu-buysell']]
2023-12-19 21:12:693 INFO  HomePage :39 - Clicking on used cars option : [[ChromeDriver: chrome on windows (98703b7aec0219643cdec06a0654f468)] -> xpath: //a[normalize-space()='Used']]
2023-12-19 21:12:184 INFO  NewAndUsedCarsSearchPage :36 - Selecting maker from dropdown : [[ChromeDriver: chrome on windows (98703b7aec0219643cdec06a0654f468)] -> id: makes]
2023-12-19 21:12:547 INFO  NewAndUsedCarsSearchPage :42 - Selecting model from dropdown : [[ChromeDriver: chrome on windows (98703b7aec0219643cdec06a0654f468)] -> id: models]
2023-12-19 21:12:814 INFO  NewAndUsedCarsSearchPage :48 - Selecting location from dropdown : [[ChromeDriver: chrome on windows (98703b7aec0219643cdec06a0654f468)] -> id: locations]
2023-12-19 21:12:75 INFO  NewAndUsedCarsSearchPage :54 - Selecting price from dropdown : [[ChromeDriver: chrome on windows (98703b7aec0219643cdec06a0654f468)] -> id: priceTo]
2023-12-19 21:12:622 INFO  NewAndUsedCarsSearchPage :60 - Clicking on my next car button : [[ChromeDriver: chrome on windows (98703b7aec0219643cdec06a0654f468)] -> id: search-submit]
2023-12-19 21:12:258 INFO  HomePage :29 - Clicking on buy and sell option : [[ChromeDriver: chrome on windows (85fc51d1ce7db972f6431cb5a09da98a)] -> xpath: //li[@class='uhf-menu-item uhf-dropdown-menu-toggle uhf-menu-buysell']]
2023-12-19 21:12:732 INFO  HomePage :39 - Clicking on used cars option : [[ChromeDriver: chrome on windows (85fc51d1ce7db972f6431cb5a09da98a)] -> xpath: //a[normalize-space()='Used']]
2023-12-19 21:12:295 INFO  NewAndUsedCarsSearchPage :36 - Selecting maker from dropdown : [[ChromeDriver: chrome on windows (85fc51d1ce7db972f6431cb5a09da98a)] -> id: makes]
2023-12-19 21:12:582 INFO  NewAndUsedCarsSearchPage :42 - Selecting model from dropdown : [[ChromeDriver: chrome on windows (85fc51d1ce7db972f6431cb5a09da98a)] -> id: models]
2023-12-19 21:12:817 INFO  NewAndUsedCarsSearchPage :48 - Selecting location from dropdown : [[ChromeDriver: chrome on windows (85fc51d1ce7db972f6431cb5a09da98a)] -> id: locations]
2023-12-19 21:12:05 INFO  NewAndUsedCarsSearchPage :54 - Selecting price from dropdown : [[ChromeDriver: chrome on windows (85fc51d1ce7db972f6431cb5a09da98a)] -> id: priceTo]
2023-12-19 21:12:373 INFO  NewAndUsedCarsSearchPage :60 - Clicking on my next car button : [[ChromeDriver: chrome on windows (85fc51d1ce7db972f6431cb5a09da98a)] -> id: search-submit]
2023-12-19 21:12:580 INFO  HomePage :29 - Clicking on buy and sell option : [[ChromeDriver: chrome on windows (de0e87de88a599f3becd39479e36b1f4)] -> xpath: //li[@class='uhf-menu-item uhf-dropdown-menu-toggle uhf-menu-buysell']]
2023-12-19 21:12:916 INFO  HomePage :39 - Clicking on used cars option : [[ChromeDriver: chrome on windows (de0e87de88a599f3becd39479e36b1f4)] -> xpath: //a[normalize-space()='Used']]
2023-12-19 21:12:389 INFO  NewAndUsedCarsSearchPage :36 - Selecting maker from dropdown : [[ChromeDriver: chrome on windows (de0e87de88a599f3becd39479e36b1f4)] -> id: makes]
2023-12-19 21:12:584 INFO  NewAndUsedCarsSearchPage :42 - Selecting model from dropdown : [[ChromeDriver: chrome on windows (de0e87de88a599f3becd39479e36b1f4)] -> id: models]
2023-12-19 21:12:778 INFO  NewAndUsedCarsSearchPage :48 - Selecting location from dropdown : [[ChromeDriver: chrome on windows (de0e87de88a599f3becd39479e36b1f4)] -> id: locations]
2023-12-19 21:12:563 INFO  HomePage :29 - Clicking on buy and sell option : [[ChromeDriver: chrome on windows (191378645b5018da32f204fbb17da746)] -> xpath: //li[@class='uhf-menu-item uhf-dropdown-menu-toggle uhf-menu-buysell']]
2023-12-19 21:12:575 INFO  HomePage :39 - Clicking on used cars option : [[ChromeDriver: chrome on windows (191378645b5018da32f204fbb17da746)] -> xpath: //a[normalize-space()='Used']]
2023-12-19 21:12:12 INFO  NewAndUsedCarsSearchPage :36 - Selecting maker from dropdown : [[ChromeDriver: chrome on windows (191378645b5018da32f204fbb17da746)] -> id: makes]
2023-12-19 21:12:547 INFO  HomePage :29 - Clicking on buy and sell option : [[ChromeDriver: chrome on windows (f84d27eea987bf3a4500825559803337)] -> xpath: //li[@class='uhf-menu-item uhf-dropdown-menu-toggle uhf-menu-buysell']]
2023-12-19 21:12:955 INFO  HomePage :39 - Clicking on used cars option : [[ChromeDriver: chrome on windows (f84d27eea987bf3a4500825559803337)] -> xpath: //a[normalize-space()='Used']]
2023-12-19 21:12:424 INFO  NewAndUsedCarsSearchPage :36 - Selecting maker from dropdown : [[ChromeDriver: chrome on windows (f84d27eea987bf3a4500825559803337)] -> id: makes]
2023-12-19 21:12:642 INFO  NewAndUsedCarsSearchPage :42 - Selecting model from dropdown : [[ChromeDriver: chrome on windows (f84d27eea987bf3a4500825559803337)] -> id: models]
2023-12-19 21:12:885 INFO  NewAndUsedCarsSearchPage :48 - Selecting location from dropdown : [[ChromeDriver: chrome on windows (f84d27eea987bf3a4500825559803337)] -> id: locations]
2023-12-19 21:12:106 INFO  NewAndUsedCarsSearchPage :54 - Selecting price from dropdown : [[ChromeDriver: chrome on windows (f84d27eea987bf3a4500825559803337)] -> id: priceTo]
2023-12-19 21:12:06 INFO  NewAndUsedCarsSearchPage :60 - Clicking on my next car button : [[ChromeDriver: chrome on windows (f84d27eea987bf3a4500825559803337)] -> id: search-submit]
2023-12-19 21:12:121 INFO  HomePage :29 - Clicking on buy and sell option : [[ChromeDriver: chrome on windows (7e8beb86bc91cec666efcfc4185b29fc)] -> xpath: //li[@class='uhf-menu-item uhf-dropdown-menu-toggle uhf-menu-buysell']]
2023-12-19 21:12:996 INFO  HomePage :39 - Clicking on used cars option : [[ChromeDriver: chrome on windows (7e8beb86bc91cec666efcfc4185b29fc)] -> xpath: //a[normalize-space()='Used']]
2023-12-19 21:12:555 INFO  NewAndUsedCarsSearchPage :36 - Selecting maker from dropdown : [[ChromeDriver: chrome on windows (7e8beb86bc91cec666efcfc4185b29fc)] -> id: makes]
2023-12-19 21:12:787 INFO  NewAndUsedCarsSearchPage :42 - Selecting model from dropdown : [[ChromeDriver: chrome on windows (7e8beb86bc91cec666efcfc4185b29fc)] -> id: models]
2023-12-19 21:12:631 INFO  HomePage :29 - Clicking on buy and sell option : [[ChromeDriver: chrome on windows (09b13ed861db5b7c62226097cadf0e85)] -> xpath: //li[@class='uhf-menu-item uhf-dropdown-menu-toggle uhf-menu-buysell']]
2023-12-19 21:12:456 INFO  HomePage :34 - Clicking on search cars option : [[ChromeDriver: chrome on windows (09b13ed861db5b7c62226097cadf0e85)] -> xpath: //a[normalize-space()='Search Cars']]
2023-12-19 21:12:154 INFO  NewAndUsedCarsSearchPage :36 - Selecting maker from dropdown : [[ChromeDriver: chrome on windows (09b13ed861db5b7c62226097cadf0e85)] -> id: makes]
2023-12-19 21:12:511 INFO  NewAndUsedCarsSearchPage :42 - Selecting model from dropdown : [[ChromeDriver: chrome on windows (09b13ed861db5b7c62226097cadf0e85)] -> id: models]
2023-12-19 21:12:797 INFO  NewAndUsedCarsSearchPage :48 - Selecting location from dropdown : [[ChromeDriver: chrome on windows (09b13ed861db5b7c62226097cadf0e85)] -> id: locations]
2023-12-19 21:12:107 INFO  NewAndUsedCarsSearchPage :54 - Selecting price from dropdown : [[ChromeDriver: chrome on windows (09b13ed861db5b7c62226097cadf0e85)] -> id: priceTo]
2023-12-19 21:12:744 INFO  NewAndUsedCarsSearchPage :60 - Clicking on my next car button : [[ChromeDriver: chrome on windows (09b13ed861db5b7c62226097cadf0e85)] -> id: search-submit]
2023-12-19 21:12:530 INFO  HomePage :29 - Clicking on buy and sell option : [[ChromeDriver: chrome on windows (479c81589141a29fdafc7aada753866f)] -> xpath: //li[@class='uhf-menu-item uhf-dropdown-menu-toggle uhf-menu-buysell']]
2023-12-19 21:12:686 INFO  HomePage :34 - Clicking on search cars option : [[ChromeDriver: chrome on windows (479c81589141a29fdafc7aada753866f)] -> xpath: //a[normalize-space()='Search Cars']]
2023-12-19 21:12:17 INFO  NewAndUsedCarsSearchPage :36 - Selecting maker from dropdown : [[ChromeDriver: chrome on windows (479c81589141a29fdafc7aada753866f)] -> id: makes]
2023-12-19 21:12:371 INFO  NewAndUsedCarsSearchPage :42 - Selecting model from dropdown : [[ChromeDriver: chrome on windows (479c81589141a29fdafc7aada753866f)] -> id: models]
2023-12-19 21:12:525 INFO  NewAndUsedCarsSearchPage :48 - Selecting location from dropdown : [[ChromeDriver: chrome on windows (479c81589141a29fdafc7aada753866f)] -> id: locations]
2023-12-19 21:12:698 INFO  NewAndUsedCarsSearchPage :54 - Selecting price from dropdown : [[ChromeDriver: chrome on windows (479c81589141a29fdafc7aada753866f)] -> id: priceTo]
2023-12-19 21:12:707 INFO  NewAndUsedCarsSearchPage :60 - Clicking on my next car button : [[ChromeDriver: chrome on windows (479c81589141a29fdafc7aada753866f)] -> id: search-submit]
2023-12-19 21:12:847 INFO  HomePage :29 - Clicking on buy and sell option : [[ChromeDriver: chrome on windows (48a09a37525d1ff4e8a2a2b147eacd96)] -> xpath: //li[@class='uhf-menu-item uhf-dropdown-menu-toggle uhf-menu-buysell']]
2023-12-19 21:12:26 INFO  HomePage :34 - Clicking on search cars option : [[ChromeDriver: chrome on windows (48a09a37525d1ff4e8a2a2b147eacd96)] -> xpath: //a[normalize-space()='Search Cars']]
2023-12-19 21:12:213 INFO  NewAndUsedCarsSearchPage :36 - Selecting maker from dropdown : [[ChromeDriver: chrome on windows (48a09a37525d1ff4e8a2a2b147eacd96)] -> id: makes]
2023-12-19 21:12:432 INFO  NewAndUsedCarsSearchPage :42 - Selecting model from dropdown : [[ChromeDriver: chrome on windows (48a09a37525d1ff4e8a2a2b147eacd96)] -> id: models]
2023-12-19 21:12:678 INFO  NewAndUsedCarsSearchPage :48 - Selecting location from dropdown : [[ChromeDriver: chrome on windows (48a09a37525d1ff4e8a2a2b147eacd96)] -> id: locations]
2023-12-19 21:12:35 INFO  NewAndUsedCarsSearchPage :54 - Selecting price from dropdown : [[ChromeDriver: chrome on windows (48a09a37525d1ff4e8a2a2b147eacd96)] -> id: priceTo]
2023-12-19 21:12:611 INFO  NewAndUsedCarsSearchPage :60 - Clicking on my next car button : [[ChromeDriver: chrome on windows (48a09a37525d1ff4e8a2a2b147eacd96)] -> id: search-submit]
2023-12-19 21:12:513 INFO  HomePage :29 - Clicking on buy and sell option : [[ChromeDriver: chrome on windows (f24fc5d9f99917feaaa9b3c01eed125d)] -> xpath: //li[@class='uhf-menu-item uhf-dropdown-menu-toggle uhf-menu-buysell']]
2023-12-19 21:12:732 INFO  HomePage :34 - Clicking on search cars option : [[ChromeDriver: chrome on windows (f24fc5d9f99917feaaa9b3c01eed125d)] -> xpath: //a[normalize-space()='Search Cars']]
2023-12-19 21:12:26 INFO  NewAndUsedCarsSearchPage :36 - Selecting maker from dropdown : [[ChromeDriver: chrome on windows (f24fc5d9f99917feaaa9b3c01eed125d)] -> id: makes]
2023-12-19 21:12:293 INFO  NewAndUsedCarsSearchPage :42 - Selecting model from dropdown : [[ChromeDriver: chrome on windows (f24fc5d9f99917feaaa9b3c01eed125d)] -> id: models]
2023-12-19 21:12:471 INFO  NewAndUsedCarsSearchPage :48 - Selecting location from dropdown : [[ChromeDriver: chrome on windows (f24fc5d9f99917feaaa9b3c01eed125d)] -> id: locations]
2023-12-19 21:12:637 INFO  NewAndUsedCarsSearchPage :54 - Selecting price from dropdown : [[ChromeDriver: chrome on windows (f24fc5d9f99917feaaa9b3c01eed125d)] -> id: priceTo]
2023-12-19 21:12:805 INFO  NewAndUsedCarsSearchPage :60 - Clicking on my next car button : [[ChromeDriver: chrome on windows (f24fc5d9f99917feaaa9b3c01eed125d)] -> id: search-submit]
2023-12-19 21:12:748 INFO  HomePage :29 - Clicking on buy and sell option : [[ChromeDriver: chrome on windows (98c2baebedca4927a2b4ff1989a2b689)] -> xpath: //li[@class='uhf-menu-item uhf-dropdown-menu-toggle uhf-menu-buysell']]
2023-12-19 21:12:884 INFO  HomePage :34 - Clicking on search cars option : [[ChromeDriver: chrome on windows (98c2baebedca4927a2b4ff1989a2b689)] -> xpath: //a[normalize-space()='Search Cars']]
2023-12-19 21:12:29 INFO  NewAndUsedCarsSearchPage :36 - Selecting maker from dropdown : [[ChromeDriver: chrome on windows (98c2baebedca4927a2b4ff1989a2b689)] -> id: makes]
2023-12-19 21:12:406 INFO  NewAndUsedCarsSearchPage :42 - Selecting model from dropdown : [[ChromeDriver: chrome on windows (98c2baebedca4927a2b4ff1989a2b689)] -> id: models]
2023-12-19 21:12:788 INFO  NewAndUsedCarsSearchPage :48 - Selecting location from dropdown : [[ChromeDriver: chrome on windows (98c2baebedca4927a2b4ff1989a2b689)] -> id: locations]
2023-12-19 21:12:967 INFO  NewAndUsedCarsSearchPage :54 - Selecting price from dropdown : [[ChromeDriver: chrome on windows (98c2baebedca4927a2b4ff1989a2b689)] -> id: priceTo]
2023-12-19 21:12:226 INFO  NewAndUsedCarsSearchPage :60 - Clicking on my next car button : [[ChromeDriver: chrome on windows (98c2baebedca4927a2b4ff1989a2b689)] -> id: search-submit]
2023-12-19 21:12:934 INFO  HomePage :29 - Clicking on buy and sell option : [[ChromeDriver: chrome on windows (e8e7dadab1107d18b438433f6e92d4b7)] -> xpath: //li[@class='uhf-menu-item uhf-dropdown-menu-toggle uhf-menu-buysell']]
2023-12-19 21:12:201 INFO  HomePage :34 - Clicking on search cars option : [[ChromeDriver: chrome on windows (e8e7dadab1107d18b438433f6e92d4b7)] -> xpath: //a[normalize-space()='Search Cars']]
2023-12-19 21:12:447 INFO  NewAndUsedCarsSearchPage :36 - Selecting maker from dropdown : [[ChromeDriver: chrome on windows (e8e7dadab1107d18b438433f6e92d4b7)] -> id: makes]
2023-12-19 21:12:763 INFO  NewAndUsedCarsSearchPage :42 - Selecting model from dropdown : [[ChromeDriver: chrome on windows (e8e7dadab1107d18b438433f6e92d4b7)] -> id: models]
2023-12-19 21:12:924 INFO  NewAndUsedCarsSearchPage :48 - Selecting location from dropdown : [[ChromeDriver: chrome on windows (e8e7dadab1107d18b438433f6e92d4b7)] -> id: locations]
2023-12-19 21:12:86 INFO  NewAndUsedCarsSearchPage :54 - Selecting price from dropdown : [[ChromeDriver: chrome on windows (e8e7dadab1107d18b438433f6e92d4b7)] -> id: priceTo]
2023-12-19 21:12:153 INFO  NewAndUsedCarsSearchPage :60 - Clicking on my next car button : [[ChromeDriver: chrome on windows (e8e7dadab1107d18b438433f6e92d4b7)] -> id: search-submit]
2023-12-19 21:12:827 INFO  HomePage :29 - Clicking on buy and sell option : [[ChromeDriver: chrome on windows (99a2324fbd3e13c1ad2376e2ff6ec9da)] -> xpath: //li[@class='uhf-menu-item uhf-dropdown-menu-toggle uhf-menu-buysell']]
2023-12-19 21:12:421 INFO  HomePage :39 - Clicking on used cars option : [[ChromeDriver: chrome on windows (99a2324fbd3e13c1ad2376e2ff6ec9da)] -> xpath: //a[normalize-space()='Used']]
2023-12-19 21:12:859 INFO  NewAndUsedCarsSearchPage :36 - Selecting maker from dropdown : [[ChromeDriver: chrome on windows (99a2324fbd3e13c1ad2376e2ff6ec9da)] -> id: makes]
2023-12-19 21:12:33 INFO  NewAndUsedCarsSearchPage :42 - Selecting model from dropdown : [[ChromeDriver: chrome on windows (99a2324fbd3e13c1ad2376e2ff6ec9da)] -> id: models]
2023-12-19 21:12:205 INFO  NewAndUsedCarsSearchPage :48 - Selecting location from dropdown : [[ChromeDriver: chrome on windows (99a2324fbd3e13c1ad2376e2ff6ec9da)] -> id: locations]
2023-12-19 21:12:364 INFO  NewAndUsedCarsSearchPage :54 - Selecting price from dropdown : [[ChromeDriver: chrome on windows (99a2324fbd3e13c1ad2376e2ff6ec9da)] -> id: priceTo]
2023-12-19 21:12:161 INFO  NewAndUsedCarsSearchPage :60 - Clicking on my next car button : [[ChromeDriver: chrome on windows (99a2324fbd3e13c1ad2376e2ff6ec9da)] -> id: search-submit]
2023-12-19 21:12:873 INFO  HomePage :29 - Clicking on buy and sell option : [[ChromeDriver: chrome on windows (f4224da7de53364b04d1bdcd0a86e390)] -> xpath: //li[@class='uhf-menu-item uhf-dropdown-menu-toggle uhf-menu-buysell']]
2023-12-19 21:12:372 INFO  HomePage :39 - Clicking on used cars option : [[ChromeDriver: chrome on windows (f4224da7de53364b04d1bdcd0a86e390)] -> xpath: //a[normalize-space()='Used']]
2023-12-19 21:12:765 INFO  NewAndUsedCarsSearchPage :36 - Selecting maker from dropdown : [[ChromeDriver: chrome on windows (f4224da7de53364b04d1bdcd0a86e390)] -> id: makes]
2023-12-19 21:12:21 INFO  NewAndUsedCarsSearchPage :42 - Selecting model from dropdown : [[ChromeDriver: chrome on windows (f4224da7de53364b04d1bdcd0a86e390)] -> id: models]
2023-12-19 21:12:255 INFO  NewAndUsedCarsSearchPage :48 - Selecting location from dropdown : [[ChromeDriver: chrome on windows (f4224da7de53364b04d1bdcd0a86e390)] -> id: locations]
2023-12-19 21:12:447 INFO  NewAndUsedCarsSearchPage :54 - Selecting price from dropdown : [[ChromeDriver: chrome on windows (f4224da7de53364b04d1bdcd0a86e390)] -> id: priceTo]
2023-12-19 21:12:333 INFO  NewAndUsedCarsSearchPage :60 - Clicking on my next car button : [[ChromeDriver: chrome on windows (f4224da7de53364b04d1bdcd0a86e390)] -> id: search-submit]
2023-12-19 21:12:945 INFO  HomePage :29 - Clicking on buy and sell option : [[ChromeDriver: chrome on windows (e34e3f509d7f5e42c9f3be2da217f380)] -> xpath: //li[@class='uhf-menu-item uhf-dropdown-menu-toggle uhf-menu-buysell']]
2023-12-19 21:12:530 INFO  HomePage :39 - Clicking on used cars option : [[ChromeDriver: chrome on windows (e34e3f509d7f5e42c9f3be2da217f380)] -> xpath: //a[normalize-space()='Used']]
2023-12-19 21:12:893 INFO  NewAndUsedCarsSearchPage :36 - Selecting maker from dropdown : [[ChromeDriver: chrome on windows (e34e3f509d7f5e42c9f3be2da217f380)] -> id: makes]
2023-12-19 21:12:104 INFO  NewAndUsedCarsSearchPage :42 - Selecting model from dropdown : [[ChromeDriver: chrome on windows (e34e3f509d7f5e42c9f3be2da217f380)] -> id: models]
2023-12-19 21:12:285 INFO  NewAndUsedCarsSearchPage :48 - Selecting location from dropdown : [[ChromeDriver: chrome on windows (e34e3f509d7f5e42c9f3be2da217f380)] -> id: locations]
2023-12-19 21:12:450 INFO  NewAndUsedCarsSearchPage :54 - Selecting price from dropdown : [[ChromeDriver: chrome on windows (e34e3f509d7f5e42c9f3be2da217f380)] -> id: priceTo]
2023-12-19 21:12:321 INFO  NewAndUsedCarsSearchPage :60 - Clicking on my next car button : [[ChromeDriver: chrome on windows (e34e3f509d7f5e42c9f3be2da217f380)] -> id: search-submit]
2023-12-19 21:12:906 INFO  HomePage :29 - Clicking on buy and sell option : [[ChromeDriver: chrome on windows (c3c0885367b1382b233e400a030942ac)] -> xpath: //li[@class='uhf-menu-item uhf-dropdown-menu-toggle uhf-menu-buysell']]
2023-12-19 21:12:287 INFO  HomePage :39 - Clicking on used cars option : [[ChromeDriver: chrome on windows (c3c0885367b1382b233e400a030942ac)] -> xpath: //a[normalize-space()='Used']]
2023-12-19 21:12:759 INFO  NewAndUsedCarsSearchPage :36 - Selecting maker from dropdown : [[ChromeDriver: chrome on windows (c3c0885367b1382b233e400a030942ac)] -> id: makes]
2023-12-19 21:12:340 INFO  HomePage :29 - Clicking on buy and sell option : [[ChromeDriver: chrome on windows (e95147b449f718aaf5882eeb8ea1c62d)] -> xpath: //li[@class='uhf-menu-item uhf-dropdown-menu-toggle uhf-menu-buysell']]
2023-12-19 21:12:716 INFO  HomePage :39 - Clicking on used cars option : [[ChromeDriver: chrome on windows (e95147b449f718aaf5882eeb8ea1c62d)] -> xpath: //a[normalize-space()='Used']]
2023-12-19 21:12:952 INFO  NewAndUsedCarsSearchPage :36 - Selecting maker from dropdown : [[ChromeDriver: chrome on windows (e95147b449f718aaf5882eeb8ea1c62d)] -> id: makes]
2023-12-19 21:12:369 INFO  NewAndUsedCarsSearchPage :42 - Selecting model from dropdown : [[ChromeDriver: chrome on windows (e95147b449f718aaf5882eeb8ea1c62d)] -> id: models]
2023-12-19 21:12:594 INFO  NewAndUsedCarsSearchPage :48 - Selecting location from dropdown : [[ChromeDriver: chrome on windows (e95147b449f718aaf5882eeb8ea1c62d)] -> id: locations]
2023-12-19 21:12:801 INFO  NewAndUsedCarsSearchPage :54 - Selecting price from dropdown : [[ChromeDriver: chrome on windows (e95147b449f718aaf5882eeb8ea1c62d)] -> id: priceTo]
2023-12-19 21:12:555 INFO  NewAndUsedCarsSearchPage :60 - Clicking on my next car button : [[ChromeDriver: chrome on windows (e95147b449f718aaf5882eeb8ea1c62d)] -> id: search-submit]
2023-12-19 21:12:89 INFO  HomePage :29 - Clicking on buy and sell option : [[ChromeDriver: chrome on windows (c0244f6f62eaf2c3a663fd95064197a7)] -> xpath: //li[@class='uhf-menu-item uhf-dropdown-menu-toggle uhf-menu-buysell']]
2023-12-19 21:12:338 INFO  HomePage :39 - Clicking on used cars option : [[ChromeDriver: chrome on windows (c0244f6f62eaf2c3a663fd95064197a7)] -> xpath: //a[normalize-space()='Used']]
2023-12-19 21:12:547 INFO  NewAndUsedCarsSearchPage :36 - Selecting maker from dropdown : [[ChromeDriver: chrome on windows (c0244f6f62eaf2c3a663fd95064197a7)] -> id: makes]
2023-12-19 21:12:856 INFO  NewAndUsedCarsSearchPage :42 - Selecting model from dropdown : [[ChromeDriver: chrome on windows (c0244f6f62eaf2c3a663fd95064197a7)] -> id: models]
2023-12-19 21:12:167 INFO  NewAndUsedCarsSearchPage :48 - Selecting location from dropdown : [[ChromeDriver: chrome on windows (c0244f6f62eaf2c3a663fd95064197a7)] -> id: locations]
2023-12-19 21:12:355 INFO  NewAndUsedCarsSearchPage :54 - Selecting price from dropdown : [[ChromeDriver: chrome on windows (c0244f6f62eaf2c3a663fd95064197a7)] -> id: priceTo]
2023-12-19 21:12:566 INFO  NewAndUsedCarsSearchPage :60 - Clicking on my next car button : [[ChromeDriver: chrome on windows (c0244f6f62eaf2c3a663fd95064197a7)] -> id: search-submit]
2023-12-19 21:12:864 INFO  HomePage :29 - Clicking on buy and sell option : [[ChromeDriver: chrome on windows (e35069cfe84d2b4126e9b530b5fa02f5)] -> xpath: //li[@class='uhf-menu-item uhf-dropdown-menu-toggle uhf-menu-buysell']]
2023-12-19 21:12:601 INFO  HomePage :29 - Clicking on buy and sell option : [[ChromeDriver: chrome on windows (1bfb3a4d7b6afaa59192b8fef2f8c55c)] -> xpath: //li[@class='uhf-menu-item uhf-dropdown-menu-toggle uhf-menu-buysell']]
2023-12-19 21:12:140 INFO  HomePage :34 - Clicking on search cars option : [[ChromeDriver: chrome on windows (1bfb3a4d7b6afaa59192b8fef2f8c55c)] -> xpath: //a[normalize-space()='Search Cars']]
2023-12-19 21:12:839 INFO  NewAndUsedCarsSearchPage :36 - Selecting maker from dropdown : [[ChromeDriver: chrome on windows (1bfb3a4d7b6afaa59192b8fef2f8c55c)] -> id: makes]
2023-12-19 21:12:174 INFO  NewAndUsedCarsSearchPage :42 - Selecting model from dropdown : [[ChromeDriver: chrome on windows (1bfb3a4d7b6afaa59192b8fef2f8c55c)] -> id: models]
2023-12-19 21:12:459 INFO  NewAndUsedCarsSearchPage :48 - Selecting location from dropdown : [[ChromeDriver: chrome on windows (1bfb3a4d7b6afaa59192b8fef2f8c55c)] -> id: locations]
2023-12-19 21:12:762 INFO  NewAndUsedCarsSearchPage :54 - Selecting price from dropdown : [[ChromeDriver: chrome on windows (1bfb3a4d7b6afaa59192b8fef2f8c55c)] -> id: priceTo]
2023-12-19 21:12:691 INFO  NewAndUsedCarsSearchPage :60 - Clicking on my next car button : [[ChromeDriver: chrome on windows (1bfb3a4d7b6afaa59192b8fef2f8c55c)] -> id: search-submit]
2023-12-19 21:12:408 INFO  HomePage :29 - Clicking on buy and sell option : [[ChromeDriver: chrome on windows (f18e07b7a6d30f117855ad4ba9f80df1)] -> xpath: //li[@class='uhf-menu-item uhf-dropdown-menu-toggle uhf-menu-buysell']]
2023-12-19 21:12:860 INFO  HomePage :34 - Clicking on search cars option : [[ChromeDriver: chrome on windows (f18e07b7a6d30f117855ad4ba9f80df1)] -> xpath: //a[normalize-space()='Search Cars']]
2023-12-19 21:12:81 INFO  NewAndUsedCarsSearchPage :36 - Selecting maker from dropdown : [[ChromeDriver: chrome on windows (f18e07b7a6d30f117855ad4ba9f80df1)] -> id: makes]
2023-12-19 21:12:463 INFO  NewAndUsedCarsSearchPage :42 - Selecting model from dropdown : [[ChromeDriver: chrome on windows (f18e07b7a6d30f117855ad4ba9f80df1)] -> id: models]
2023-12-19 21:12:688 INFO  NewAndUsedCarsSearchPage :48 - Selecting location from dropdown : [[ChromeDriver: chrome on windows (f18e07b7a6d30f117855ad4ba9f80df1)] -> id: locations]
2023-12-19 21:12:874 INFO  NewAndUsedCarsSearchPage :54 - Selecting price from dropdown : [[ChromeDriver: chrome on windows (f18e07b7a6d30f117855ad4ba9f80df1)] -> id: priceTo]
2023-12-19 21:12:200 INFO  NewAndUsedCarsSearchPage :60 - Clicking on my next car button : [[ChromeDriver: chrome on windows (f18e07b7a6d30f117855ad4ba9f80df1)] -> id: search-submit]
2023-12-19 21:12:769 INFO  HomePage :29 - Clicking on buy and sell option : [[ChromeDriver: chrome on windows (0fe24ace2da8b4590e1c3728c447db3d)] -> xpath: //li[@class='uhf-menu-item uhf-dropdown-menu-toggle uhf-menu-buysell']]
2023-12-19 21:12:392 INFO  HomePage :34 - Clicking on search cars option : [[ChromeDriver: chrome on windows (0fe24ace2da8b4590e1c3728c447db3d)] -> xpath: //a[normalize-space()='Search Cars']]
2023-12-19 21:12:693 INFO  NewAndUsedCarsSearchPage :36 - Selecting maker from dropdown : [[ChromeDriver: chrome on windows (0fe24ace2da8b4590e1c3728c447db3d)] -> id: makes]
2023-12-19 21:12:29 INFO  NewAndUsedCarsSearchPage :42 - Selecting model from dropdown : [[ChromeDriver: chrome on windows (0fe24ace2da8b4590e1c3728c447db3d)] -> id: models]
2023-12-19 21:12:319 INFO  NewAndUsedCarsSearchPage :48 - Selecting location from dropdown : [[ChromeDriver: chrome on windows (0fe24ace2da8b4590e1c3728c447db3d)] -> id: locations]
2023-12-19 21:12:506 INFO  NewAndUsedCarsSearchPage :54 - Selecting price from dropdown : [[ChromeDriver: chrome on windows (0fe24ace2da8b4590e1c3728c447db3d)] -> id: priceTo]
2023-12-19 21:12:346 INFO  NewAndUsedCarsSearchPage :60 - Clicking on my next car button : [[ChromeDriver: chrome on windows (0fe24ace2da8b4590e1c3728c447db3d)] -> id: search-submit]
2023-12-19 21:12:500 INFO  HomePage :29 - Clicking on buy and sell option : [[ChromeDriver: chrome on windows (dea2a356842cf64532de772247b694df)] -> xpath: //li[@class='uhf-menu-item uhf-dropdown-menu-toggle uhf-menu-buysell']]
2023-12-19 21:12:62 INFO  HomePage :34 - Clicking on search cars option : [[ChromeDriver: chrome on windows (dea2a356842cf64532de772247b694df)] -> xpath: //a[normalize-space()='Search Cars']]
2023-12-19 21:12:435 INFO  NewAndUsedCarsSearchPage :36 - Selecting maker from dropdown : [[ChromeDriver: chrome on windows (dea2a356842cf64532de772247b694df)] -> id: makes]
2023-12-19 21:12:749 INFO  NewAndUsedCarsSearchPage :42 - Selecting model from dropdown : [[ChromeDriver: chrome on windows (dea2a356842cf64532de772247b694df)] -> id: models]
2023-12-19 21:12:966 INFO  NewAndUsedCarsSearchPage :48 - Selecting location from dropdown : [[ChromeDriver: chrome on windows (dea2a356842cf64532de772247b694df)] -> id: locations]
2023-12-19 21:12:209 INFO  NewAndUsedCarsSearchPage :54 - Selecting price from dropdown : [[ChromeDriver: chrome on windows (dea2a356842cf64532de772247b694df)] -> id: priceTo]
2023-12-19 21:12:445 INFO  NewAndUsedCarsSearchPage :60 - Clicking on my next car button : [[ChromeDriver: chrome on windows (dea2a356842cf64532de772247b694df)] -> id: search-submit]
2023-12-19 21:12:279 INFO  HomePage :29 - Clicking on buy and sell option : [[ChromeDriver: chrome on windows (bd92429a3fd8f34abd51f5ca5d9b7e38)] -> xpath: //li[@class='uhf-menu-item uhf-dropdown-menu-toggle uhf-menu-buysell']]
2023-12-19 21:12:152 INFO  HomePage :34 - Clicking on search cars option : [[ChromeDriver: chrome on windows (bd92429a3fd8f34abd51f5ca5d9b7e38)] -> xpath: //a[normalize-space()='Search Cars']]
2023-12-19 21:12:843 INFO  NewAndUsedCarsSearchPage :36 - Selecting maker from dropdown : [[ChromeDriver: chrome on windows (bd92429a3fd8f34abd51f5ca5d9b7e38)] -> id: makes]
2023-12-19 21:12:246 INFO  NewAndUsedCarsSearchPage :42 - Selecting model from dropdown : [[ChromeDriver: chrome on windows (bd92429a3fd8f34abd51f5ca5d9b7e38)] -> id: models]
2023-12-19 21:12:563 INFO  NewAndUsedCarsSearchPage :48 - Selecting location from dropdown : [[ChromeDriver: chrome on windows (bd92429a3fd8f34abd51f5ca5d9b7e38)] -> id: locations]
2023-12-19 21:12:841 INFO  NewAndUsedCarsSearchPage :54 - Selecting price from dropdown : [[ChromeDriver: chrome on windows (bd92429a3fd8f34abd51f5ca5d9b7e38)] -> id: priceTo]
2023-12-19 21:12:669 INFO  NewAndUsedCarsSearchPage :60 - Clicking on my next car button : [[ChromeDriver: chrome on windows (bd92429a3fd8f34abd51f5ca5d9b7e38)] -> id: search-submit]
2023-12-19 21:12:323 INFO  HomePage :29 - Clicking on buy and sell option : [[ChromeDriver: chrome on windows (f805c25748d2c2783051cad474695904)] -> xpath: //li[@class='uhf-menu-item uhf-dropdown-menu-toggle uhf-menu-buysell']]
2023-12-19 21:12:707 INFO  HomePage :34 - Clicking on search cars option : [[ChromeDriver: chrome on windows (f805c25748d2c2783051cad474695904)] -> xpath: //a[normalize-space()='Search Cars']]
2023-12-19 21:12:188 INFO  NewAndUsedCarsSearchPage :36 - Selecting maker from dropdown : [[ChromeDriver: chrome on windows (f805c25748d2c2783051cad474695904)] -> id: makes]
2023-12-19 21:12:668 INFO  NewAndUsedCarsSearchPage :42 - Selecting model from dropdown : [[ChromeDriver: chrome on windows (f805c25748d2c2783051cad474695904)] -> id: models]
2023-12-19 21:12:10 INFO  NewAndUsedCarsSearchPage :48 - Selecting location from dropdown : [[ChromeDriver: chrome on windows (f805c25748d2c2783051cad474695904)] -> id: locations]
2023-12-19 21:12:402 INFO  NewAndUsedCarsSearchPage :54 - Selecting price from dropdown : [[ChromeDriver: chrome on windows (f805c25748d2c2783051cad474695904)] -> id: priceTo]
2023-12-19 21:12:224 INFO  NewAndUsedCarsSearchPage :60 - Clicking on my next car button : [[ChromeDriver: chrome on windows (f805c25748d2c2783051cad474695904)] -> id: search-submit]
2023-12-19 22:12:869 INFO  HomePage :33 - Clicking on buy and sell option : [[ChromeDriver: chrome on windows (01eea534e8abcb5bc803994284e8397e)] -> xpath: //li[@class='uhf-menu-item uhf-dropdown-menu-toggle uhf-menu-buysell']]
2023-12-19 22:12:483 INFO  HomePage :48 - Clicking on find a dealer option : [[ChromeDriver: chrome on windows (01eea534e8abcb5bc803994284e8397e)] -> xpath: //a[normalize-space()='Find a Dealer']]
2023-12-19 22:12:271 INFO  HomePage :33 - Clicking on buy and sell option : [[ChromeDriver: chrome on windows (8d13e4a7cb41e4bea71cd1cc2054cf7a)] -> xpath: //li[@class='uhf-menu-item uhf-dropdown-menu-toggle uhf-menu-buysell']]
2023-12-19 22:12:616 INFO  HomePage :48 - Clicking on find a dealer option : [[ChromeDriver: chrome on windows (8d13e4a7cb41e4bea71cd1cc2054cf7a)] -> xpath: //a[normalize-space()='Find a Dealer']]
2023-12-20 19:12:353 INFO  HomePage :33 - Clicking on buy and sell option : [[ChromeDriver: chrome on windows (6877df1bf2eb952ad4e6f58c75c864d9)] -> xpath: //li[@class='uhf-menu-item uhf-dropdown-menu-toggle uhf-menu-buysell']]
2023-12-20 19:12:487 INFO  HomePage :48 - Clicking on find a dealer option : [[ChromeDriver: chrome on windows (6877df1bf2eb952ad4e6f58c75c864d9)] -> xpath: //a[normalize-space()='Find a Dealer']]
2023-12-20 19:12:538 INFO  HomePage :33 - Clicking on buy and sell option : [[ChromeDriver: chrome on windows (e1c149a7e2afcc18b3ed4797cb4cf65d)] -> xpath: //li[@class='uhf-menu-item uhf-dropdown-menu-toggle uhf-menu-buysell']]
2023-12-20 19:12:940 INFO  HomePage :48 - Clicking on find a dealer option : [[ChromeDriver: chrome on windows (e1c149a7e2afcc18b3ed4797cb4cf65d)] -> xpath: //a[normalize-space()='Find a Dealer']]
2023-12-20 20:12:716 INFO  HomePage :33 - Clicking on buy and sell option : [[ChromeDriver: chrome on windows (9039aad015999f3baf363a6d3bcfe7b7)] -> xpath: //li[@class='uhf-menu-item uhf-dropdown-menu-toggle uhf-menu-buysell']]
2023-12-20 20:12:825 INFO  HomePage :48 - Clicking on find a dealer option : [[ChromeDriver: chrome on windows (9039aad015999f3baf363a6d3bcfe7b7)] -> xpath: //a[normalize-space()='Find a Dealer']]
2023-12-20 21:12:303 INFO  HomePage :33 - Clicking on buy and sell option : [[ChromeDriver: chrome on windows (d01757ab6d5b3de5a62941ed5e54bdb5)] -> xpath: //li[@class='uhf-menu-item uhf-dropdown-menu-toggle uhf-menu-buysell']]
2023-12-20 21:12:902 INFO  HomePage :38 - Clicking on search cars option : [[ChromeDriver: chrome on windows (d01757ab6d5b3de5a62941ed5e54bdb5)] -> xpath: //a[normalize-space()='Search Cars']]
2023-12-20 21:12:784 INFO  NewAndUsedCarsSearchPage :36 - Selecting maker from dropdown : [[ChromeDriver: chrome on windows (d01757ab6d5b3de5a62941ed5e54bdb5)] -> id: makes]
2023-12-20 21:12:230 INFO  NewAndUsedCarsSearchPage :42 - Selecting model from dropdown : [[ChromeDriver: chrome on windows (d01757ab6d5b3de5a62941ed5e54bdb5)] -> id: models]
2023-12-20 21:12:520 INFO  NewAndUsedCarsSearchPage :48 - Selecting location from dropdown : [[ChromeDriver: chrome on windows (d01757ab6d5b3de5a62941ed5e54bdb5)] -> id: locations]
2023-12-20 21:12:818 INFO  NewAndUsedCarsSearchPage :54 - Selecting price from dropdown : [[ChromeDriver: chrome on windows (d01757ab6d5b3de5a62941ed5e54bdb5)] -> id: priceTo]
2023-12-20 21:12:147 INFO  NewAndUsedCarsSearchPage :60 - Clicking on my next car button : [[ChromeDriver: chrome on windows (d01757ab6d5b3de5a62941ed5e54bdb5)] -> id: search-submit]
2023-12-20 21:12:260 INFO  HomePage :33 - Clicking on buy and sell option : [[ChromeDriver: chrome on windows (be662072906645f6c25a9c3cd8fb3176)] -> xpath: //li[@class='uhf-menu-item uhf-dropdown-menu-toggle uhf-menu-buysell']]
2023-12-20 21:12:892 INFO  HomePage :38 - Clicking on search cars option : [[ChromeDriver: chrome on windows (be662072906645f6c25a9c3cd8fb3176)] -> xpath: //a[normalize-space()='Search Cars']]
2023-12-20 21:12:577 INFO  NewAndUsedCarsSearchPage :36 - Selecting maker from dropdown : [[ChromeDriver: chrome on windows (be662072906645f6c25a9c3cd8fb3176)] -> id: makes]
2023-12-20 21:12:977 INFO  NewAndUsedCarsSearchPage :42 - Selecting model from dropdown : [[ChromeDriver: chrome on windows (be662072906645f6c25a9c3cd8fb3176)] -> id: models]
2023-12-20 21:12:231 INFO  NewAndUsedCarsSearchPage :48 - Selecting location from dropdown : [[ChromeDriver: chrome on windows (be662072906645f6c25a9c3cd8fb3176)] -> id: locations]
2023-12-20 21:12:502 INFO  NewAndUsedCarsSearchPage :54 - Selecting price from dropdown : [[ChromeDriver: chrome on windows (be662072906645f6c25a9c3cd8fb3176)] -> id: priceTo]
2023-12-20 21:12:407 INFO  NewAndUsedCarsSearchPage :60 - Clicking on my next car button : [[ChromeDriver: chrome on windows (be662072906645f6c25a9c3cd8fb3176)] -> id: search-submit]
2023-12-20 21:12:737 INFO  HomePage :33 - Clicking on buy and sell option : [[ChromeDriver: chrome on windows (7f9b4dbdcc84358a863faa47c2fe8bf1)] -> xpath: //li[@class='uhf-menu-item uhf-dropdown-menu-toggle uhf-menu-buysell']]
2023-12-20 21:12:491 INFO  HomePage :38 - Clicking on search cars option : [[ChromeDriver: chrome on windows (7f9b4dbdcc84358a863faa47c2fe8bf1)] -> xpath: //a[normalize-space()='Search Cars']]
2023-12-20 21:12:17 INFO  NewAndUsedCarsSearchPage :36 - Selecting maker from dropdown : [[ChromeDriver: chrome on windows (7f9b4dbdcc84358a863faa47c2fe8bf1)] -> id: makes]
2023-12-20 21:12:374 INFO  NewAndUsedCarsSearchPage :42 - Selecting model from dropdown : [[ChromeDriver: chrome on windows (7f9b4dbdcc84358a863faa47c2fe8bf1)] -> id: models]
2023-12-20 21:12:639 INFO  NewAndUsedCarsSearchPage :48 - Selecting location from dropdown : [[ChromeDriver: chrome on windows (7f9b4dbdcc84358a863faa47c2fe8bf1)] -> id: locations]
2023-12-20 21:12:977 INFO  NewAndUsedCarsSearchPage :54 - Selecting price from dropdown : [[ChromeDriver: chrome on windows (7f9b4dbdcc84358a863faa47c2fe8bf1)] -> id: priceTo]
2023-12-20 21:12:149 INFO  NewAndUsedCarsSearchPage :60 - Clicking on my next car button : [[ChromeDriver: chrome on windows (7f9b4dbdcc84358a863faa47c2fe8bf1)] -> id: search-submit]
2023-12-20 21:12:477 INFO  HomePage :33 - Clicking on buy and sell option : [[ChromeDriver: chrome on windows (b8aaf8fb3a78170bf679c484a85bd2ec)] -> xpath: //li[@class='uhf-menu-item uhf-dropdown-menu-toggle uhf-menu-buysell']]
2023-12-20 21:12:339 INFO  HomePage :38 - Clicking on search cars option : [[ChromeDriver: chrome on windows (b8aaf8fb3a78170bf679c484a85bd2ec)] -> xpath: //a[normalize-space()='Search Cars']]
2023-12-20 21:12:80 INFO  NewAndUsedCarsSearchPage :36 - Selecting maker from dropdown : [[ChromeDriver: chrome on windows (b8aaf8fb3a78170bf679c484a85bd2ec)] -> id: makes]
2023-12-20 21:12:549 INFO  NewAndUsedCarsSearchPage :42 - Selecting model from dropdown : [[ChromeDriver: chrome on windows (b8aaf8fb3a78170bf679c484a85bd2ec)] -> id: models]
2023-12-20 21:12:845 INFO  NewAndUsedCarsSearchPage :48 - Selecting location from dropdown : [[ChromeDriver: chrome on windows (b8aaf8fb3a78170bf679c484a85bd2ec)] -> id: locations]
2023-12-20 21:12:186 INFO  NewAndUsedCarsSearchPage :54 - Selecting price from dropdown : [[ChromeDriver: chrome on windows (b8aaf8fb3a78170bf679c484a85bd2ec)] -> id: priceTo]
2023-12-20 21:12:394 INFO  NewAndUsedCarsSearchPage :60 - Clicking on my next car button : [[ChromeDriver: chrome on windows (b8aaf8fb3a78170bf679c484a85bd2ec)] -> id: search-submit]
2023-12-21 13:12:265 INFO  HomePage :33 - Clicking on buy and sell option : [[ChromeDriver: chrome on windows (58afeea61b63db42ed443fe00e862eec)] -> xpath: //li[@class='uhf-menu-item uhf-dropdown-menu-toggle uhf-menu-buysell']]
2023-12-21 13:12:383 INFO  HomePage :48 - Clicking on find a dealer option : [[ChromeDriver: chrome on windows (58afeea61b63db42ed443fe00e862eec)] -> xpath: //a[normalize-space()='Find a Dealer']]
2023-12-21 14:12:166 INFO  HomePage :33 - Clicking on buy and sell option : [[ChromeDriver: chrome on windows (94e771992ddf1d5873b9d4085ed3c8a6)] -> xpath: //li[@class='uhf-menu-item uhf-dropdown-menu-toggle uhf-menu-buysell']]
2023-12-21 14:12:687 INFO  HomePage :48 - Clicking on find a dealer option : [[ChromeDriver: chrome on windows (94e771992ddf1d5873b9d4085ed3c8a6)] -> xpath: //a[normalize-space()='Find a Dealer']]
2023-12-21 14:12:543 INFO  HomePage :33 - Clicking on buy and sell option : [[ChromeDriver: chrome on windows (499a2955b3508feb1dc69a65752c4cd2)] -> xpath: //li[@class='uhf-menu-item uhf-dropdown-menu-toggle uhf-menu-buysell']]
2023-12-21 14:12:383 INFO  HomePage :48 - Clicking on find a dealer option : [[ChromeDriver: chrome on windows (499a2955b3508feb1dc69a65752c4cd2)] -> xpath: //a[normalize-space()='Find a Dealer']]
2023-12-21 14:12:830 INFO  ResultPage :31 - Navigate to a Find Dealers Page TitleProxy element for: DefaultElementLocator 'By.xpath: //div[@class='dealer-heading row']'
2023-12-21 14:12:69 INFO  HomePage :33 - Clicking on buy and sell option : [[ChromeDriver: chrome on windows (f1ea80a61c90f19b5958ca30549756c5)] -> xpath: //li[@class='uhf-menu-item uhf-dropdown-menu-toggle uhf-menu-buysell']]
2023-12-21 14:12:841 INFO  HomePage :48 - Clicking on find a dealer option : [[ChromeDriver: chrome on windows (f1ea80a61c90f19b5958ca30549756c5)] -> xpath: //a[normalize-space()='Find a Dealer']]
2023-12-21 14:12:670 INFO  HomePage :33 - Clicking on buy and sell option : [[ChromeDriver: chrome on windows (afbe746fe44807ed0d45101ba2e94e3b)] -> xpath: //li[@class='uhf-menu-item uhf-dropdown-menu-toggle uhf-menu-buysell']]
2023-12-21 14:12:543 INFO  HomePage :48 - Clicking on find a dealer option : [[ChromeDriver: chrome on windows (afbe746fe44807ed0d45101ba2e94e3b)] -> xpath: //a[normalize-space()='Find a Dealer']]
2023-12-21 14:12:775 INFO  HomePage :33 - Clicking on buy and sell option : [[ChromeDriver: chrome on windows (dbc03c48d32b084aa72f0bf5f3ec31d1)] -> xpath: //li[@class='uhf-menu-item uhf-dropdown-menu-toggle uhf-menu-buysell']]
2023-12-21 14:12:78 INFO  HomePage :38 - Clicking on search cars option : [[ChromeDriver: chrome on windows (dbc03c48d32b084aa72f0bf5f3ec31d1)] -> xpath: //a[normalize-space()='Search Cars']]
2023-12-21 14:12:759 INFO  NewAndUsedCarsSearchPage :36 - Selecting maker from dropdown : [[ChromeDriver: chrome on windows (dbc03c48d32b084aa72f0bf5f3ec31d1)] -> id: makes]
2023-12-21 14:12:70 INFO  NewAndUsedCarsSearchPage :42 - Selecting model from dropdown : [[ChromeDriver: chrome on windows (dbc03c48d32b084aa72f0bf5f3ec31d1)] -> id: models]
2023-12-21 14:12:364 INFO  NewAndUsedCarsSearchPage :48 - Selecting location from dropdown : [[ChromeDriver: chrome on windows (dbc03c48d32b084aa72f0bf5f3ec31d1)] -> id: locations]
2023-12-21 14:12:624 INFO  NewAndUsedCarsSearchPage :54 - Selecting price from dropdown : [[ChromeDriver: chrome on windows (dbc03c48d32b084aa72f0bf5f3ec31d1)] -> id: priceTo]
2023-12-21 14:12:707 INFO  NewAndUsedCarsSearchPage :60 - Clicking on my next car button : [[ChromeDriver: chrome on windows (dbc03c48d32b084aa72f0bf5f3ec31d1)] -> id: search-submit]
2023-12-21 14:12:556 INFO  HomePage :33 - Clicking on buy and sell option : [[ChromeDriver: chrome on windows (6e12cfe25825dc7c878926d12e86de05)] -> xpath: //li[@class='uhf-menu-item uhf-dropdown-menu-toggle uhf-menu-buysell']]
2023-12-21 14:12:564 INFO  HomePage :38 - Clicking on search cars option : [[ChromeDriver: chrome on windows (6e12cfe25825dc7c878926d12e86de05)] -> xpath: //a[normalize-space()='Search Cars']]
2023-12-21 14:12:795 INFO  NewAndUsedCarsSearchPage :36 - Selecting maker from dropdown : [[ChromeDriver: chrome on windows (6e12cfe25825dc7c878926d12e86de05)] -> id: makes]
2023-12-21 14:12:35 INFO  NewAndUsedCarsSearchPage :42 - Selecting model from dropdown : [[ChromeDriver: chrome on windows (6e12cfe25825dc7c878926d12e86de05)] -> id: models]
2023-12-21 14:12:186 INFO  NewAndUsedCarsSearchPage :48 - Selecting location from dropdown : [[ChromeDriver: chrome on windows (6e12cfe25825dc7c878926d12e86de05)] -> id: locations]
2023-12-21 14:12:335 INFO  NewAndUsedCarsSearchPage :54 - Selecting price from dropdown : [[ChromeDriver: chrome on windows (6e12cfe25825dc7c878926d12e86de05)] -> id: priceTo]
2023-12-21 14:12:197 INFO  NewAndUsedCarsSearchPage :60 - Clicking on my next car button : [[ChromeDriver: chrome on windows (6e12cfe25825dc7c878926d12e86de05)] -> id: search-submit]
2023-12-21 14:12:682 INFO  HomePage :33 - Clicking on buy and sell option : [[ChromeDriver: chrome on windows (3890f206ca261c6a28e462c2530d9e96)] -> xpath: //li[@class='uhf-menu-item uhf-dropdown-menu-toggle uhf-menu-buysell']]
2023-12-21 14:12:884 INFO  HomePage :38 - Clicking on search cars option : [[ChromeDriver: chrome on windows (3890f206ca261c6a28e462c2530d9e96)] -> xpath: //a[normalize-space()='Search Cars']]
2023-12-21 14:12:152 INFO  NewAndUsedCarsSearchPage :36 - Selecting maker from dropdown : [[ChromeDriver: chrome on windows (3890f206ca261c6a28e462c2530d9e96)] -> id: makes]
2023-12-21 14:12:498 INFO  NewAndUsedCarsSearchPage :42 - Selecting model from dropdown : [[ChromeDriver: chrome on windows (3890f206ca261c6a28e462c2530d9e96)] -> id: models]
2023-12-21 14:12:668 INFO  NewAndUsedCarsSearchPage :48 - Selecting location from dropdown : [[ChromeDriver: chrome on windows (3890f206ca261c6a28e462c2530d9e96)] -> id: locations]
2023-12-21 14:12:807 INFO  NewAndUsedCarsSearchPage :54 - Selecting price from dropdown : [[ChromeDriver: chrome on windows (3890f206ca261c6a28e462c2530d9e96)] -> id: priceTo]
2023-12-21 14:12:194 INFO  NewAndUsedCarsSearchPage :60 - Clicking on my next car button : [[ChromeDriver: chrome on windows (3890f206ca261c6a28e462c2530d9e96)] -> id: search-submit]
2023-12-21 14:12:786 INFO  HomePage :33 - Clicking on buy and sell option : [[ChromeDriver: chrome on windows (55a54d8efe119fc215ba495e45a04d39)] -> xpath: //li[@class='uhf-menu-item uhf-dropdown-menu-toggle uhf-menu-buysell']]
2023-12-21 14:12:285 INFO  HomePage :38 - Clicking on search cars option : [[ChromeDriver: chrome on windows (55a54d8efe119fc215ba495e45a04d39)] -> xpath: //a[normalize-space()='Search Cars']]
2023-12-21 14:12:833 INFO  NewAndUsedCarsSearchPage :36 - Selecting maker from dropdown : [[ChromeDriver: chrome on windows (55a54d8efe119fc215ba495e45a04d39)] -> id: makes]
2023-12-21 14:12:70 INFO  NewAndUsedCarsSearchPage :42 - Selecting model from dropdown : [[ChromeDriver: chrome on windows (55a54d8efe119fc215ba495e45a04d39)] -> id: models]
2023-12-21 14:12:335 INFO  NewAndUsedCarsSearchPage :48 - Selecting location from dropdown : [[ChromeDriver: chrome on windows (55a54d8efe119fc215ba495e45a04d39)] -> id: locations]
2023-12-21 14:12:617 INFO  NewAndUsedCarsSearchPage :54 - Selecting price from dropdown : [[ChromeDriver: chrome on windows (55a54d8efe119fc215ba495e45a04d39)] -> id: priceTo]
2023-12-21 14:12:737 INFO  NewAndUsedCarsSearchPage :60 - Clicking on my next car button : [[ChromeDriver: chrome on windows (55a54d8efe119fc215ba495e45a04d39)] -> id: search-submit]
2023-12-21 14:12:557 INFO  HomePage :33 - Clicking on buy and sell option : [[ChromeDriver: chrome on windows (d4c3edac9d1ef1255b6f1e4af9dcea33)] -> xpath: //li[@class='uhf-menu-item uhf-dropdown-menu-toggle uhf-menu-buysell']]
2023-12-21 14:12:202 INFO  HomePage :38 - Clicking on search cars option : [[ChromeDriver: chrome on windows (d4c3edac9d1ef1255b6f1e4af9dcea33)] -> xpath: //a[normalize-space()='Search Cars']]
2023-12-21 14:12:606 INFO  NewAndUsedCarsSearchPage :36 - Selecting maker from dropdown : [[ChromeDriver: chrome on windows (d4c3edac9d1ef1255b6f1e4af9dcea33)] -> id: makes]
2023-12-21 14:12:757 INFO  NewAndUsedCarsSearchPage :42 - Selecting model from dropdown : [[ChromeDriver: chrome on windows (d4c3edac9d1ef1255b6f1e4af9dcea33)] -> id: models]
2023-12-21 14:12:908 INFO  NewAndUsedCarsSearchPage :48 - Selecting location from dropdown : [[ChromeDriver: chrome on windows (d4c3edac9d1ef1255b6f1e4af9dcea33)] -> id: locations]
2023-12-21 14:12:56 INFO  NewAndUsedCarsSearchPage :54 - Selecting price from dropdown : [[ChromeDriver: chrome on windows (d4c3edac9d1ef1255b6f1e4af9dcea33)] -> id: priceTo]
2023-12-21 14:12:338 INFO  NewAndUsedCarsSearchPage :60 - Clicking on my next car button : [[ChromeDriver: chrome on windows (d4c3edac9d1ef1255b6f1e4af9dcea33)] -> id: search-submit]
2023-12-21 14:12:567 INFO  HomePage :33 - Clicking on buy and sell option : [[ChromeDriver: chrome on windows (972c69a67cae5b581f404737216abd17)] -> xpath: //li[@class='uhf-menu-item uhf-dropdown-menu-toggle uhf-menu-buysell']]
2023-12-21 14:12:341 INFO  HomePage :38 - Clicking on search cars option : [[ChromeDriver: chrome on windows (972c69a67cae5b581f404737216abd17)] -> xpath: //a[normalize-space()='Search Cars']]
2023-12-21 14:12:579 INFO  NewAndUsedCarsSearchPage :36 - Selecting maker from dropdown : [[ChromeDriver: chrome on windows (972c69a67cae5b581f404737216abd17)] -> id: makes]
2023-12-21 14:12:889 INFO  NewAndUsedCarsSearchPage :42 - Selecting model from dropdown : [[ChromeDriver: chrome on windows (972c69a67cae5b581f404737216abd17)] -> id: models]
2023-12-21 14:12:21 INFO  NewAndUsedCarsSearchPage :48 - Selecting location from dropdown : [[ChromeDriver: chrome on windows (972c69a67cae5b581f404737216abd17)] -> id: locations]
2023-12-21 14:12:162 INFO  NewAndUsedCarsSearchPage :54 - Selecting price from dropdown : [[ChromeDriver: chrome on windows (972c69a67cae5b581f404737216abd17)] -> id: priceTo]
2023-12-21 14:12:273 INFO  NewAndUsedCarsSearchPage :60 - Clicking on my next car button : [[ChromeDriver: chrome on windows (972c69a67cae5b581f404737216abd17)] -> id: search-submit]
2023-12-21 14:12:884 INFO  HomePage :33 - Clicking on buy and sell option : [[ChromeDriver: chrome on windows (00e233dc3a04976bf522a56fecfe1cb3)] -> xpath: //li[@class='uhf-menu-item uhf-dropdown-menu-toggle uhf-menu-buysell']]
2023-12-21 14:12:884 INFO  HomePage :38 - Clicking on search cars option : [[ChromeDriver: chrome on windows (00e233dc3a04976bf522a56fecfe1cb3)] -> xpath: //a[normalize-space()='Search Cars']]
2023-12-21 14:12:269 INFO  NewAndUsedCarsSearchPage :36 - Selecting maker from dropdown : [[ChromeDriver: chrome on windows (00e233dc3a04976bf522a56fecfe1cb3)] -> id: makes]
2023-12-21 14:12:430 INFO  NewAndUsedCarsSearchPage :42 - Selecting model from dropdown : [[ChromeDriver: chrome on windows (00e233dc3a04976bf522a56fecfe1cb3)] -> id: models]
2023-12-21 14:12:605 INFO  NewAndUsedCarsSearchPage :48 - Selecting location from dropdown : [[ChromeDriver: chrome on windows (00e233dc3a04976bf522a56fecfe1cb3)] -> id: locations]
2023-12-21 14:12:762 INFO  NewAndUsedCarsSearchPage :54 - Selecting price from dropdown : [[ChromeDriver: chrome on windows (00e233dc3a04976bf522a56fecfe1cb3)] -> id: priceTo]
2023-12-21 14:12:422 INFO  NewAndUsedCarsSearchPage :60 - Clicking on my next car button : [[ChromeDriver: chrome on windows (00e233dc3a04976bf522a56fecfe1cb3)] -> id: search-submit]
2023-12-21 14:12:586 INFO  HomePage :33 - Clicking on buy and sell option : [[ChromeDriver: chrome on windows (dc6abbf583da2cd6154f9ebd9c5f9b39)] -> xpath: //li[@class='uhf-menu-item uhf-dropdown-menu-toggle uhf-menu-buysell']]
2023-12-21 14:12:263 INFO  HomePage :38 - Clicking on search cars option : [[ChromeDriver: chrome on windows (dc6abbf583da2cd6154f9ebd9c5f9b39)] -> xpath: //a[normalize-space()='Search Cars']]
2023-12-21 14:12:649 INFO  NewAndUsedCarsSearchPage :36 - Selecting maker from dropdown : [[ChromeDriver: chrome on windows (dc6abbf583da2cd6154f9ebd9c5f9b39)] -> id: makes]
2023-12-21 14:12:824 INFO  NewAndUsedCarsSearchPage :42 - Selecting model from dropdown : [[ChromeDriver: chrome on windows (dc6abbf583da2cd6154f9ebd9c5f9b39)] -> id: models]
2023-12-21 14:12:965 INFO  NewAndUsedCarsSearchPage :48 - Selecting location from dropdown : [[ChromeDriver: chrome on windows (dc6abbf583da2cd6154f9ebd9c5f9b39)] -> id: locations]
2023-12-21 14:12:106 INFO  NewAndUsedCarsSearchPage :54 - Selecting price from dropdown : [[ChromeDriver: chrome on windows (dc6abbf583da2cd6154f9ebd9c5f9b39)] -> id: priceTo]
2023-12-21 14:12:492 INFO  NewAndUsedCarsSearchPage :60 - Clicking on my next car button : [[ChromeDriver: chrome on windows (dc6abbf583da2cd6154f9ebd9c5f9b39)] -> id: search-submit]
2023-12-21 14:12:860 INFO  HomePage :33 - Clicking on buy and sell option : [[ChromeDriver: chrome on windows (7fa81df24129901d8e0a901658e1f9e2)] -> xpath: //li[@class='uhf-menu-item uhf-dropdown-menu-toggle uhf-menu-buysell']]
2023-12-21 14:12:871 INFO  HomePage :38 - Clicking on search cars option : [[ChromeDriver: chrome on windows (7fa81df24129901d8e0a901658e1f9e2)] -> xpath: //a[normalize-space()='Search Cars']]
2023-12-21 14:12:115 INFO  NewAndUsedCarsSearchPage :36 - Selecting maker from dropdown : [[ChromeDriver: chrome on windows (7fa81df24129901d8e0a901658e1f9e2)] -> id: makes]
2023-12-21 14:12:321 INFO  NewAndUsedCarsSearchPage :42 - Selecting model from dropdown : [[ChromeDriver: chrome on windows (7fa81df24129901d8e0a901658e1f9e2)] -> id: models]
2023-12-21 14:12:456 INFO  NewAndUsedCarsSearchPage :48 - Selecting location from dropdown : [[ChromeDriver: chrome on windows (7fa81df24129901d8e0a901658e1f9e2)] -> id: locations]
2023-12-21 14:12:607 INFO  NewAndUsedCarsSearchPage :54 - Selecting price from dropdown : [[ChromeDriver: chrome on windows (7fa81df24129901d8e0a901658e1f9e2)] -> id: priceTo]
2023-12-21 14:12:174 INFO  NewAndUsedCarsSearchPage :60 - Clicking on my next car button : [[ChromeDriver: chrome on windows (7fa81df24129901d8e0a901658e1f9e2)] -> id: search-submit]
2023-12-21 14:12:720 INFO  HomePage :33 - Clicking on buy and sell option : [[ChromeDriver: chrome on windows (c31a11256c3efbe06a3d361bf31fe274)] -> xpath: //li[@class='uhf-menu-item uhf-dropdown-menu-toggle uhf-menu-buysell']]
2023-12-21 14:12:820 INFO  HomePage :43 - Clicking on used cars option : [[ChromeDriver: chrome on windows (c31a11256c3efbe06a3d361bf31fe274)] -> xpath: //a[normalize-space()='Used']]
2023-12-21 14:12:138 INFO  NewAndUsedCarsSearchPage :36 - Selecting maker from dropdown : [[ChromeDriver: chrome on windows (c31a11256c3efbe06a3d361bf31fe274)] -> id: makes]
2023-12-21 14:12:451 INFO  NewAndUsedCarsSearchPage :42 - Selecting model from dropdown : [[ChromeDriver: chrome on windows (c31a11256c3efbe06a3d361bf31fe274)] -> id: models]
2023-12-21 14:12:582 INFO  NewAndUsedCarsSearchPage :48 - Selecting location from dropdown : [[ChromeDriver: chrome on windows (c31a11256c3efbe06a3d361bf31fe274)] -> id: locations]
2023-12-21 14:12:704 INFO  NewAndUsedCarsSearchPage :54 - Selecting price from dropdown : [[ChromeDriver: chrome on windows (c31a11256c3efbe06a3d361bf31fe274)] -> id: priceTo]
2023-12-21 14:12:309 INFO  NewAndUsedCarsSearchPage :60 - Clicking on my next car button : [[ChromeDriver: chrome on windows (c31a11256c3efbe06a3d361bf31fe274)] -> id: search-submit]
2023-12-21 14:12:495 INFO  HomePage :33 - Clicking on buy and sell option : [[ChromeDriver: chrome on windows (1e34d2d1450047b3dc0832d1789a1012)] -> xpath: //li[@class='uhf-menu-item uhf-dropdown-menu-toggle uhf-menu-buysell']]
2023-12-21 14:12:760 INFO  HomePage :43 - Clicking on used cars option : [[ChromeDriver: chrome on windows (1e34d2d1450047b3dc0832d1789a1012)] -> xpath: //a[normalize-space()='Used']]
2023-12-21 14:12:930 INFO  NewAndUsedCarsSearchPage :36 - Selecting maker from dropdown : [[ChromeDriver: chrome on windows (1e34d2d1450047b3dc0832d1789a1012)] -> id: makes]
2023-12-21 14:12:196 INFO  NewAndUsedCarsSearchPage :42 - Selecting model from dropdown : [[ChromeDriver: chrome on windows (1e34d2d1450047b3dc0832d1789a1012)] -> id: models]
2023-12-21 14:12:345 INFO  NewAndUsedCarsSearchPage :48 - Selecting location from dropdown : [[ChromeDriver: chrome on windows (1e34d2d1450047b3dc0832d1789a1012)] -> id: locations]
2023-12-21 14:12:482 INFO  NewAndUsedCarsSearchPage :54 - Selecting price from dropdown : [[ChromeDriver: chrome on windows (1e34d2d1450047b3dc0832d1789a1012)] -> id: priceTo]
2023-12-21 14:12:734 INFO  NewAndUsedCarsSearchPage :60 - Clicking on my next car button : [[ChromeDriver: chrome on windows (1e34d2d1450047b3dc0832d1789a1012)] -> id: search-submit]
2023-12-21 14:12:54 INFO  HomePage :33 - Clicking on buy and sell option : [[ChromeDriver: chrome on windows (dae1adf49c2ca58ff6d492521d78e6c8)] -> xpath: //li[@class='uhf-menu-item uhf-dropdown-menu-toggle uhf-menu-buysell']]
2023-12-21 14:12:427 INFO  HomePage :43 - Clicking on used cars option : [[ChromeDriver: chrome on windows (dae1adf49c2ca58ff6d492521d78e6c8)] -> xpath: //a[normalize-space()='Used']]
2023-12-21 14:12:86 INFO  NewAndUsedCarsSearchPage :36 - Selecting maker from dropdown : [[ChromeDriver: chrome on windows (dae1adf49c2ca58ff6d492521d78e6c8)] -> id: makes]
2023-12-21 14:12:351 INFO  NewAndUsedCarsSearchPage :42 - Selecting model from dropdown : [[ChromeDriver: chrome on windows (dae1adf49c2ca58ff6d492521d78e6c8)] -> id: models]
2023-12-21 14:12:582 INFO  NewAndUsedCarsSearchPage :48 - Selecting location from dropdown : [[ChromeDriver: chrome on windows (dae1adf49c2ca58ff6d492521d78e6c8)] -> id: locations]
2023-12-21 14:12:786 INFO  NewAndUsedCarsSearchPage :54 - Selecting price from dropdown : [[ChromeDriver: chrome on windows (dae1adf49c2ca58ff6d492521d78e6c8)] -> id: priceTo]
2023-12-21 14:12:520 INFO  NewAndUsedCarsSearchPage :60 - Clicking on my next car button : [[ChromeDriver: chrome on windows (dae1adf49c2ca58ff6d492521d78e6c8)] -> id: search-submit]
2023-12-21 14:12:644 INFO  HomePage :33 - Clicking on buy and sell option : [[ChromeDriver: chrome on windows (a4147de9af0344ff936b8dfb33efdbff)] -> xpath: //li[@class='uhf-menu-item uhf-dropdown-menu-toggle uhf-menu-buysell']]
2023-12-21 14:12:180 INFO  HomePage :33 - Clicking on buy and sell option : [[ChromeDriver: chrome on windows (070eb0c33753018e6d3783ffdae6157c)] -> xpath: //li[@class='uhf-menu-item uhf-dropdown-menu-toggle uhf-menu-buysell']]
2023-12-21 14:12:762 INFO  HomePage :43 - Clicking on used cars option : [[ChromeDriver: chrome on windows (070eb0c33753018e6d3783ffdae6157c)] -> xpath: //a[normalize-space()='Used']]
2023-12-21 14:12:647 INFO  HomePage :33 - Clicking on buy and sell option : [[ChromeDriver: chrome on windows (ec63e48a45fcf7f60767bd05d34bd4bc)] -> xpath: //li[@class='uhf-menu-item uhf-dropdown-menu-toggle uhf-menu-buysell']]
2023-12-21 14:12:37 INFO  HomePage :43 - Clicking on used cars option : [[ChromeDriver: chrome on windows (ec63e48a45fcf7f60767bd05d34bd4bc)] -> xpath: //a[normalize-space()='Used']]
2023-12-21 14:12:671 INFO  NewAndUsedCarsSearchPage :36 - Selecting maker from dropdown : [[ChromeDriver: chrome on windows (ec63e48a45fcf7f60767bd05d34bd4bc)] -> id: makes]
2023-12-21 14:12:17 INFO  NewAndUsedCarsSearchPage :42 - Selecting model from dropdown : [[ChromeDriver: chrome on windows (ec63e48a45fcf7f60767bd05d34bd4bc)] -> id: models]
2023-12-21 14:12:251 INFO  NewAndUsedCarsSearchPage :48 - Selecting location from dropdown : [[ChromeDriver: chrome on windows (ec63e48a45fcf7f60767bd05d34bd4bc)] -> id: locations]
2023-12-21 14:12:420 INFO  NewAndUsedCarsSearchPage :54 - Selecting price from dropdown : [[ChromeDriver: chrome on windows (ec63e48a45fcf7f60767bd05d34bd4bc)] -> id: priceTo]
